running egg_info
creating ../build/local_station/local_station.egg-info
writing ../build/local_station/local_station.egg-info/PKG-INFO
writing dependency_links to ../build/local_station/local_station.egg-info/dependency_links.txt
writing entry points to ../build/local_station/local_station.egg-info/entry_points.txt
writing requirements to ../build/local_station/local_station.egg-info/requires.txt
writing top-level names to ../build/local_station/local_station.egg-info/top_level.txt
writing manifest file '../build/local_station/local_station.egg-info/SOURCES.txt'
reading manifest file '../build/local_station/local_station.egg-info/SOURCES.txt'
writing manifest file '../build/local_station/local_station.egg-info/SOURCES.txt'
running build
running build_py
creating /home/luisen/Documents/Universidad/Robotica/proyect_ws/build/local_station/build
creating /home/luisen/Documents/Universidad/Robotica/proyect_ws/build/local_station/build/lib
creating /home/luisen/Documents/Universidad/Robotica/proyect_ws/build/local_station/build/lib/local_station
copying local_station/__init__.py -> /home/luisen/Documents/Universidad/Robotica/proyect_ws/build/local_station/build/lib/local_station
running install
running install_lib
creating /home/luisen/Documents/Universidad/Robotica/proyect_ws/install/local_station/lib/python3.10/site-packages/local_station
copying /home/luisen/Documents/Universidad/Robotica/proyect_ws/build/local_station/build/lib/local_station/__init__.py -> /home/luisen/Documents/Universidad/Robotica/proyect_ws/install/local_station/lib/python3.10/site-packages/local_station
byte-compiling /home/luisen/Documents/Universidad/Robotica/proyect_ws/install/local_station/lib/python3.10/site-packages/local_station/__init__.py to __init__.cpython-310.pyc
running install_data
creating /home/luisen/Documents/Universidad/Robotica/proyect_ws/install/local_station/share/ament_index
creating /home/luisen/Documents/Universidad/Robotica/proyect_ws/install/local_station/share/ament_index/resource_index
creating /home/luisen/Documents/Universidad/Robotica/proyect_ws/install/local_station/share/ament_index/resource_index/packages
copying resource/local_station -> /home/luisen/Documents/Universidad/Robotica/proyect_ws/install/local_station/share/ament_index/resource_index/packages
copying package.xml -> /home/luisen/Documents/Universidad/Robotica/proyect_ws/install/local_station/share/local_station
running install_egg_info
Copying ../build/local_station/local_station.egg-info to /home/luisen/Documents/Universidad/Robotica/proyect_ws/install/local_station/lib/python3.10/site-packages/local_station-0.0.0-py3.10.egg-info
running install_scripts
writing list of installed files to '/home/luisen/Documents/Universidad/Robotica/proyect_ws/build/local_station/install.log'
