[1.629s] Invoking command in '/home/luisen/Documents/Universidad/Robotica/proyect_ws/local_station': PYTHONPATH=/home/luisen/Documents/Universidad/Robotica/proyect_ws/build/local_station/prefix_override:/usr/lib/python3/dist-packages/colcon_core/task/python/colcon_distutils_commands:/home/luisen/Documents/Universidad/Robotica/proyect_ws/install/local_station/lib/python3.10/site-packages:${PYTHONPATH} /usr/bin/python3 -W ignore:setup.py install is deprecated -W ignore:easy_install command is deprecated setup.py egg_info --egg-base ../build/local_station build --build-base /home/luisen/Documents/Universidad/Robotica/proyect_ws/build/local_station/build install --record /home/luisen/Documents/Universidad/Robotica/proyect_ws/build/local_station/install.log --single-version-externally-managed install_data
[1.955s] running egg_info
[1.955s] creating ../build/local_station/local_station.egg-info
[1.955s] writing ../build/local_station/local_station.egg-info/PKG-INFO
[1.956s] writing dependency_links to ../build/local_station/local_station.egg-info/dependency_links.txt
[1.956s] writing entry points to ../build/local_station/local_station.egg-info/entry_points.txt
[1.956s] writing requirements to ../build/local_station/local_station.egg-info/requires.txt
[1.956s] writing top-level names to ../build/local_station/local_station.egg-info/top_level.txt
[1.957s] writing manifest file '../build/local_station/local_station.egg-info/SOURCES.txt'
[1.959s] reading manifest file '../build/local_station/local_station.egg-info/SOURCES.txt'
[1.959s] writing manifest file '../build/local_station/local_station.egg-info/SOURCES.txt'
[1.959s] running build
[1.959s] running build_py
[1.960s] creating /home/luisen/Documents/Universidad/Robotica/proyect_ws/build/local_station/build
[1.960s] creating /home/luisen/Documents/Universidad/Robotica/proyect_ws/build/local_station/build/lib
[1.960s] creating /home/luisen/Documents/Universidad/Robotica/proyect_ws/build/local_station/build/lib/local_station
[1.960s] copying local_station/__init__.py -> /home/luisen/Documents/Universidad/Robotica/proyect_ws/build/local_station/build/lib/local_station
[1.960s] running install
[1.961s] running install_lib
[1.961s] creating /home/luisen/Documents/Universidad/Robotica/proyect_ws/install/local_station/lib/python3.10/site-packages/local_station
[1.962s] copying /home/luisen/Documents/Universidad/Robotica/proyect_ws/build/local_station/build/lib/local_station/__init__.py -> /home/luisen/Documents/Universidad/Robotica/proyect_ws/install/local_station/lib/python3.10/site-packages/local_station
[1.963s] byte-compiling /home/luisen/Documents/Universidad/Robotica/proyect_ws/install/local_station/lib/python3.10/site-packages/local_station/__init__.py to __init__.cpython-310.pyc
[1.963s] running install_data
[1.964s] creating /home/luisen/Documents/Universidad/Robotica/proyect_ws/install/local_station/share/ament_index
[1.964s] creating /home/luisen/Documents/Universidad/Robotica/proyect_ws/install/local_station/share/ament_index/resource_index
[1.964s] creating /home/luisen/Documents/Universidad/Robotica/proyect_ws/install/local_station/share/ament_index/resource_index/packages
[1.964s] copying resource/local_station -> /home/luisen/Documents/Universidad/Robotica/proyect_ws/install/local_station/share/ament_index/resource_index/packages
[1.965s] copying package.xml -> /home/luisen/Documents/Universidad/Robotica/proyect_ws/install/local_station/share/local_station
[1.965s] running install_egg_info
[1.967s] Copying ../build/local_station/local_station.egg-info to /home/luisen/Documents/Universidad/Robotica/proyect_ws/install/local_station/lib/python3.10/site-packages/local_station-0.0.0-py3.10.egg-info
[1.967s] running install_scripts
[1.990s] writing list of installed files to '/home/luisen/Documents/Universidad/Robotica/proyect_ws/build/local_station/install.log'
[2.029s] Invoked command in '/home/luisen/Documents/Universidad/Robotica/proyect_ws/local_station' returned '0': PYTHONPATH=/home/luisen/Documents/Universidad/Robotica/proyect_ws/build/local_station/prefix_override:/usr/lib/python3/dist-packages/colcon_core/task/python/colcon_distutils_commands:/home/luisen/Documents/Universidad/Robotica/proyect_ws/install/local_station/lib/python3.10/site-packages:${PYTHONPATH} /usr/bin/python3 -W ignore:setup.py install is deprecated -W ignore:easy_install command is deprecated setup.py egg_info --egg-base ../build/local_station build --build-base /home/luisen/Documents/Universidad/Robotica/proyect_ws/build/local_station/build install --record /home/luisen/Documents/Universidad/Robotica/proyect_ws/build/local_station/install.log --single-version-externally-managed install_data
