[1.565s] Invoking command in '/home/luisen/Documents/Universidad/Robotica/proyect_ws/src/phantom_controller': PYTHONPATH=/home/luisen/Documents/Universidad/Robotica/proyect_ws/build/phantom_controller/prefix_override:/usr/lib/python3/dist-packages/colcon_core/task/python/colcon_distutils_commands:/home/luisen/Documents/Universidad/Robotica/proyect_ws/install/phantom_controller/lib/python3.10/site-packages:${PYTHONPATH} /usr/bin/python3 -W ignore:setup.py install is deprecated -W ignore:easy_install command is deprecated setup.py egg_info --egg-base ../../build/phantom_controller build --build-base /home/luisen/Documents/Universidad/Robotica/proyect_ws/build/phantom_controller/build install --record /home/luisen/Documents/Universidad/Robotica/proyect_ws/build/phantom_controller/install.log --single-version-externally-managed install_data
[1.906s] running egg_info
[1.906s] writing ../../build/phantom_controller/phantom_controller.egg-info/PKG-INFO
[1.907s] writing dependency_links to ../../build/phantom_controller/phantom_controller.egg-info/dependency_links.txt
[1.907s] writing entry points to ../../build/phantom_controller/phantom_controller.egg-info/entry_points.txt
[1.907s] writing requirements to ../../build/phantom_controller/phantom_controller.egg-info/requires.txt
[1.907s] writing top-level names to ../../build/phantom_controller/phantom_controller.egg-info/top_level.txt
[1.909s] reading manifest file '../../build/phantom_controller/phantom_controller.egg-info/SOURCES.txt'
[1.925s] writing manifest file '../../build/phantom_controller/phantom_controller.egg-info/SOURCES.txt'
[1.925s] running build
[1.925s] running build_py
[1.925s] copying phantom_controller/PhantomController.py -> /home/luisen/Documents/Universidad/Robotica/proyect_ws/build/phantom_controller/build/lib/phantom_controller
[1.926s] copying phantom_controller/KinematicCalculator.py -> /home/luisen/Documents/Universidad/Robotica/proyect_ws/build/phantom_controller/build/lib/phantom_controller
[1.926s] running install
[1.926s] running install_lib
[1.927s] copying /home/luisen/Documents/Universidad/Robotica/proyect_ws/build/phantom_controller/build/lib/phantom_controller/PhantomController.py -> /home/luisen/Documents/Universidad/Robotica/proyect_ws/install/phantom_controller/lib/python3.10/site-packages/phantom_controller
[1.928s] copying /home/luisen/Documents/Universidad/Robotica/proyect_ws/build/phantom_controller/build/lib/phantom_controller/KinematicCalculator.py -> /home/luisen/Documents/Universidad/Robotica/proyect_ws/install/phantom_controller/lib/python3.10/site-packages/phantom_controller
[1.928s] byte-compiling /home/luisen/Documents/Universidad/Robotica/proyect_ws/install/phantom_controller/lib/python3.10/site-packages/phantom_controller/PhantomController.py to PhantomController.cpython-310.pyc
[1.930s] byte-compiling /home/luisen/Documents/Universidad/Robotica/proyect_ws/install/phantom_controller/lib/python3.10/site-packages/phantom_controller/KinematicCalculator.py to KinematicCalculator.cpython-310.pyc
[1.931s] running install_data
[1.931s] running install_egg_info
[1.933s] removing '/home/luisen/Documents/Universidad/Robotica/proyect_ws/install/phantom_controller/lib/python3.10/site-packages/phantom_controller-0.0.0-py3.10.egg-info' (and everything under it)
[1.934s] Copying ../../build/phantom_controller/phantom_controller.egg-info to /home/luisen/Documents/Universidad/Robotica/proyect_ws/install/phantom_controller/lib/python3.10/site-packages/phantom_controller-0.0.0-py3.10.egg-info
[1.935s] running install_scripts
[1.963s] Installing phantom_controller script to /home/luisen/Documents/Universidad/Robotica/proyect_ws/install/phantom_controller/lib/phantom_controller
[1.964s] writing list of installed files to '/home/luisen/Documents/Universidad/Robotica/proyect_ws/build/phantom_controller/install.log'
[2.038s] Invoked command in '/home/luisen/Documents/Universidad/Robotica/proyect_ws/src/phantom_controller' returned '0': PYTHONPATH=/home/luisen/Documents/Universidad/Robotica/proyect_ws/build/phantom_controller/prefix_override:/usr/lib/python3/dist-packages/colcon_core/task/python/colcon_distutils_commands:/home/luisen/Documents/Universidad/Robotica/proyect_ws/install/phantom_controller/lib/python3.10/site-packages:${PYTHONPATH} /usr/bin/python3 -W ignore:setup.py install is deprecated -W ignore:easy_install command is deprecated setup.py egg_info --egg-base ../../build/phantom_controller build --build-base /home/luisen/Documents/Universidad/Robotica/proyect_ws/build/phantom_controller/build install --record /home/luisen/Documents/Universidad/Robotica/proyect_ws/build/phantom_controller/install.log --single-version-externally-managed install_data
