[0.172s] DEBUG:colcon:Command line arguments: ['/usr/bin/colcon', 'build']
[0.173s] DEBUG:colcon:Parsed command line arguments: Namespace(log_base=None, log_level=None, verb_name='build', build_base='build', install_base='install', merge_install=False, symlink_install=False, test_result_base=None, continue_on_error=False, executor='parallel', parallel_workers=8, event_handlers=None, ignore_user_meta=False, metas=['./colcon.meta'], base_paths=['.'], packages_ignore=None, packages_ignore_regex=None, paths=None, packages_up_to=None, packages_up_to_regex=None, packages_above=None, packages_above_and_dependencies=None, packages_above_depth=None, packages_select_by_dep=None, packages_skip_by_dep=None, packages_skip_up_to=None, packages_select_build_failed=False, packages_skip_build_finished=False, packages_select_test_failures=False, packages_skip_test_passed=False, packages_select=None, packages_skip=None, packages_select_regex=None, packages_skip_regex=None, packages_start=None, packages_end=None, allow_overriding=[], cmake_args=None, cmake_target=None, cmake_target_skip_unavailable=False, cmake_clean_cache=False, cmake_clean_first=False, cmake_force_configure=False, ament_cmake_args=None, catkin_cmake_args=None, catkin_skip_building_tests=False, mixin_files=None, mixin=None, verb_parser=<colcon_mixin.mixin.mixin_argument.MixinArgumentDecorator object at 0x78a005942620>, verb_extension=<colcon_core.verb.build.BuildVerb object at 0x78a005941f90>, main=<bound method BuildVerb.main of <colcon_core.verb.build.BuildVerb object at 0x78a005941f90>>, mixin_verb=('build',))
[0.485s] Level 1:colcon.colcon_core.package_discovery:discover_packages(colcon_meta) check parameters
[0.485s] Level 1:colcon.colcon_core.package_discovery:discover_packages(recursive) check parameters
[0.485s] Level 1:colcon.colcon_core.package_discovery:discover_packages(ignore) check parameters
[0.485s] Level 1:colcon.colcon_core.package_discovery:discover_packages(path) check parameters
[0.485s] Level 1:colcon.colcon_core.package_discovery:discover_packages(colcon_meta) discover
[0.486s] Level 1:colcon.colcon_core.package_discovery:discover_packages(recursive) discover
[0.486s] INFO:colcon.colcon_core.package_discovery:Crawling recursively for packages in '/home/luisen/Documents/Universidad/Robotica/proyect_ws'
[0.486s] Level 1:colcon.colcon_core.package_identification:_identify(.) by extensions ['ignore', 'ignore_ament_install']
[0.486s] Level 1:colcon.colcon_core.package_identification:_identify(.) by extension 'ignore'
[0.486s] Level 1:colcon.colcon_core.package_identification:_identify(.) by extension 'ignore_ament_install'
[0.486s] Level 1:colcon.colcon_core.package_identification:_identify(.) by extensions ['colcon_pkg']
[0.486s] Level 1:colcon.colcon_core.package_identification:_identify(.) by extension 'colcon_pkg'
[0.486s] Level 1:colcon.colcon_core.package_identification:_identify(.) by extensions ['colcon_meta']
[0.487s] Level 1:colcon.colcon_core.package_identification:_identify(.) by extension 'colcon_meta'
[0.487s] Level 1:colcon.colcon_core.package_identification:_identify(.) by extensions ['ros']
[0.487s] Level 1:colcon.colcon_core.package_identification:_identify(.) by extension 'ros'
[0.502s] Level 1:colcon.colcon_core.package_identification:_identify(.) by extensions ['cmake', 'python']
[0.502s] Level 1:colcon.colcon_core.package_identification:_identify(.) by extension 'cmake'
[0.503s] Level 1:colcon.colcon_core.package_identification:_identify(.) by extension 'python'
[0.503s] Level 1:colcon.colcon_core.package_identification:_identify(.) by extensions ['python_setup_py']
[0.503s] Level 1:colcon.colcon_core.package_identification:_identify(.) by extension 'python_setup_py'
[0.503s] Level 1:colcon.colcon_core.package_identification:_identify(build) by extensions ['ignore', 'ignore_ament_install']
[0.503s] Level 1:colcon.colcon_core.package_identification:_identify(build) by extension 'ignore'
[0.503s] Level 1:colcon.colcon_core.package_identification:_identify(build) ignored
[0.503s] Level 1:colcon.colcon_core.package_identification:_identify(install) by extensions ['ignore', 'ignore_ament_install']
[0.504s] Level 1:colcon.colcon_core.package_identification:_identify(install) by extension 'ignore'
[0.504s] Level 1:colcon.colcon_core.package_identification:_identify(install) ignored
[0.504s] Level 1:colcon.colcon_core.package_identification:_identify(local_station) by extensions ['ignore', 'ignore_ament_install']
[0.504s] Level 1:colcon.colcon_core.package_identification:_identify(local_station) by extension 'ignore'
[0.504s] Level 1:colcon.colcon_core.package_identification:_identify(local_station) by extension 'ignore_ament_install'
[0.504s] Level 1:colcon.colcon_core.package_identification:_identify(local_station) by extensions ['colcon_pkg']
[0.504s] Level 1:colcon.colcon_core.package_identification:_identify(local_station) by extension 'colcon_pkg'
[0.504s] Level 1:colcon.colcon_core.package_identification:_identify(local_station) by extensions ['colcon_meta']
[0.504s] Level 1:colcon.colcon_core.package_identification:_identify(local_station) by extension 'colcon_meta'
[0.505s] Level 1:colcon.colcon_core.package_identification:_identify(local_station) by extensions ['ros']
[0.505s] Level 1:colcon.colcon_core.package_identification:_identify(local_station) by extension 'ros'
[0.510s] DEBUG:colcon.colcon_core.package_identification:Package 'local_station' with type 'ros.ament_python' and name 'local_station'
[0.510s] Level 1:colcon.colcon_core.package_identification:_identify(log) by extensions ['ignore', 'ignore_ament_install']
[0.510s] Level 1:colcon.colcon_core.package_identification:_identify(log) by extension 'ignore'
[0.510s] Level 1:colcon.colcon_core.package_identification:_identify(log) ignored
[0.511s] Level 1:colcon.colcon_core.package_identification:_identify(src) by extensions ['ignore', 'ignore_ament_install']
[0.511s] Level 1:colcon.colcon_core.package_identification:_identify(src) by extension 'ignore'
[0.511s] Level 1:colcon.colcon_core.package_identification:_identify(src) by extension 'ignore_ament_install'
[0.511s] Level 1:colcon.colcon_core.package_identification:_identify(src) by extensions ['colcon_pkg']
[0.511s] Level 1:colcon.colcon_core.package_identification:_identify(src) by extension 'colcon_pkg'
[0.511s] Level 1:colcon.colcon_core.package_identification:_identify(src) by extensions ['colcon_meta']
[0.511s] Level 1:colcon.colcon_core.package_identification:_identify(src) by extension 'colcon_meta'
[0.511s] Level 1:colcon.colcon_core.package_identification:_identify(src) by extensions ['ros']
[0.512s] Level 1:colcon.colcon_core.package_identification:_identify(src) by extension 'ros'
[0.512s] Level 1:colcon.colcon_core.package_identification:_identify(src) by extensions ['cmake', 'python']
[0.512s] Level 1:colcon.colcon_core.package_identification:_identify(src) by extension 'cmake'
[0.512s] Level 1:colcon.colcon_core.package_identification:_identify(src) by extension 'python'
[0.512s] Level 1:colcon.colcon_core.package_identification:_identify(src) by extensions ['python_setup_py']
[0.512s] Level 1:colcon.colcon_core.package_identification:_identify(src) by extension 'python_setup_py'
[0.512s] Level 1:colcon.colcon_core.package_identification:_identify(src/local_controller) by extensions ['ignore', 'ignore_ament_install']
[0.513s] Level 1:colcon.colcon_core.package_identification:_identify(src/local_controller) by extension 'ignore'
[0.513s] Level 1:colcon.colcon_core.package_identification:_identify(src/local_controller) by extension 'ignore_ament_install'
[0.513s] Level 1:colcon.colcon_core.package_identification:_identify(src/local_controller) by extensions ['colcon_pkg']
[0.514s] Level 1:colcon.colcon_core.package_identification:_identify(src/local_controller) by extension 'colcon_pkg'
[0.514s] Level 1:colcon.colcon_core.package_identification:_identify(src/local_controller) by extensions ['colcon_meta']
[0.514s] Level 1:colcon.colcon_core.package_identification:_identify(src/local_controller) by extension 'colcon_meta'
[0.514s] Level 1:colcon.colcon_core.package_identification:_identify(src/local_controller) by extensions ['ros']
[0.514s] Level 1:colcon.colcon_core.package_identification:_identify(src/local_controller) by extension 'ros'
[0.517s] DEBUG:colcon.colcon_core.package_identification:Package 'src/local_controller' with type 'ros.ament_python' and name 'local_controller'
[0.517s] Level 1:colcon.colcon_core.package_identification:_identify(src/phantom_controller) by extensions ['ignore', 'ignore_ament_install']
[0.517s] Level 1:colcon.colcon_core.package_identification:_identify(src/phantom_controller) by extension 'ignore'
[0.517s] Level 1:colcon.colcon_core.package_identification:_identify(src/phantom_controller) by extension 'ignore_ament_install'
[0.517s] Level 1:colcon.colcon_core.package_identification:_identify(src/phantom_controller) by extensions ['colcon_pkg']
[0.517s] Level 1:colcon.colcon_core.package_identification:_identify(src/phantom_controller) by extension 'colcon_pkg'
[0.518s] Level 1:colcon.colcon_core.package_identification:_identify(src/phantom_controller) by extensions ['colcon_meta']
[0.518s] Level 1:colcon.colcon_core.package_identification:_identify(src/phantom_controller) by extension 'colcon_meta'
[0.518s] Level 1:colcon.colcon_core.package_identification:_identify(src/phantom_controller) by extensions ['ros']
[0.518s] Level 1:colcon.colcon_core.package_identification:_identify(src/phantom_controller) by extension 'ros'
[0.520s] DEBUG:colcon.colcon_core.package_identification:Package 'src/phantom_controller' with type 'ros.ament_python' and name 'phantom_controller'
[0.520s] Level 1:colcon.colcon_core.package_discovery:discover_packages(recursive) using defaults
[0.520s] Level 1:colcon.colcon_core.package_discovery:discover_packages(ignore) discover
[0.520s] Level 1:colcon.colcon_core.package_discovery:discover_packages(ignore) using defaults
[0.520s] Level 1:colcon.colcon_core.package_discovery:discover_packages(path) discover
[0.520s] Level 1:colcon.colcon_core.package_discovery:discover_packages(path) using defaults
[0.565s] Level 1:colcon.colcon_core.package_discovery:discover_packages(prefix_path) check parameters
[0.565s] Level 1:colcon.colcon_core.package_discovery:discover_packages(prefix_path) discover
[0.568s] DEBUG:colcon.colcon_installed_package_information.package_discovery:Found 3 installed packages in /home/luisen/Documents/Universidad/Robotica/proyect_ws/install
[0.570s] DEBUG:colcon.colcon_installed_package_information.package_discovery:Found 313 installed packages in /opt/ros/humble
[0.572s] Level 1:colcon.colcon_core.package_discovery:discover_packages(prefix_path) using defaults
[0.644s] Level 5:colcon.colcon_core.verb:set package 'local_controller' build argument 'cmake_args' from command line to 'None'
[0.644s] Level 5:colcon.colcon_core.verb:set package 'local_controller' build argument 'cmake_target' from command line to 'None'
[0.644s] Level 5:colcon.colcon_core.verb:set package 'local_controller' build argument 'cmake_target_skip_unavailable' from command line to 'False'
[0.645s] Level 5:colcon.colcon_core.verb:set package 'local_controller' build argument 'cmake_clean_cache' from command line to 'False'
[0.645s] Level 5:colcon.colcon_core.verb:set package 'local_controller' build argument 'cmake_clean_first' from command line to 'False'
[0.645s] Level 5:colcon.colcon_core.verb:set package 'local_controller' build argument 'cmake_force_configure' from command line to 'False'
[0.645s] Level 5:colcon.colcon_core.verb:set package 'local_controller' build argument 'ament_cmake_args' from command line to 'None'
[0.645s] Level 5:colcon.colcon_core.verb:set package 'local_controller' build argument 'catkin_cmake_args' from command line to 'None'
[0.645s] Level 5:colcon.colcon_core.verb:set package 'local_controller' build argument 'catkin_skip_building_tests' from command line to 'False'
[0.645s] DEBUG:colcon.colcon_core.verb:Building package 'local_controller' with the following arguments: {'ament_cmake_args': None, 'build_base': '/home/luisen/Documents/Universidad/Robotica/proyect_ws/build/local_controller', 'catkin_cmake_args': None, 'catkin_skip_building_tests': False, 'cmake_args': None, 'cmake_clean_cache': False, 'cmake_clean_first': False, 'cmake_force_configure': False, 'cmake_target': None, 'cmake_target_skip_unavailable': False, 'install_base': '/home/luisen/Documents/Universidad/Robotica/proyect_ws/install/local_controller', 'merge_install': False, 'path': '/home/luisen/Documents/Universidad/Robotica/proyect_ws/src/local_controller', 'symlink_install': False, 'test_result_base': None}
[0.645s] Level 5:colcon.colcon_core.verb:set package 'local_station' build argument 'cmake_args' from command line to 'None'
[0.645s] Level 5:colcon.colcon_core.verb:set package 'local_station' build argument 'cmake_target' from command line to 'None'
[0.645s] Level 5:colcon.colcon_core.verb:set package 'local_station' build argument 'cmake_target_skip_unavailable' from command line to 'False'
[0.645s] Level 5:colcon.colcon_core.verb:set package 'local_station' build argument 'cmake_clean_cache' from command line to 'False'
[0.645s] Level 5:colcon.colcon_core.verb:set package 'local_station' build argument 'cmake_clean_first' from command line to 'False'
[0.646s] Level 5:colcon.colcon_core.verb:set package 'local_station' build argument 'cmake_force_configure' from command line to 'False'
[0.646s] Level 5:colcon.colcon_core.verb:set package 'local_station' build argument 'ament_cmake_args' from command line to 'None'
[0.646s] Level 5:colcon.colcon_core.verb:set package 'local_station' build argument 'catkin_cmake_args' from command line to 'None'
[0.646s] Level 5:colcon.colcon_core.verb:set package 'local_station' build argument 'catkin_skip_building_tests' from command line to 'False'
[0.646s] DEBUG:colcon.colcon_core.verb:Building package 'local_station' with the following arguments: {'ament_cmake_args': None, 'build_base': '/home/luisen/Documents/Universidad/Robotica/proyect_ws/build/local_station', 'catkin_cmake_args': None, 'catkin_skip_building_tests': False, 'cmake_args': None, 'cmake_clean_cache': False, 'cmake_clean_first': False, 'cmake_force_configure': False, 'cmake_target': None, 'cmake_target_skip_unavailable': False, 'install_base': '/home/luisen/Documents/Universidad/Robotica/proyect_ws/install/local_station', 'merge_install': False, 'path': '/home/luisen/Documents/Universidad/Robotica/proyect_ws/local_station', 'symlink_install': False, 'test_result_base': None}
[0.646s] Level 5:colcon.colcon_core.verb:set package 'phantom_controller' build argument 'cmake_args' from command line to 'None'
[0.646s] Level 5:colcon.colcon_core.verb:set package 'phantom_controller' build argument 'cmake_target' from command line to 'None'
[0.646s] Level 5:colcon.colcon_core.verb:set package 'phantom_controller' build argument 'cmake_target_skip_unavailable' from command line to 'False'
[0.646s] Level 5:colcon.colcon_core.verb:set package 'phantom_controller' build argument 'cmake_clean_cache' from command line to 'False'
[0.646s] Level 5:colcon.colcon_core.verb:set package 'phantom_controller' build argument 'cmake_clean_first' from command line to 'False'
[0.646s] Level 5:colcon.colcon_core.verb:set package 'phantom_controller' build argument 'cmake_force_configure' from command line to 'False'
[0.646s] Level 5:colcon.colcon_core.verb:set package 'phantom_controller' build argument 'ament_cmake_args' from command line to 'None'
[0.646s] Level 5:colcon.colcon_core.verb:set package 'phantom_controller' build argument 'catkin_cmake_args' from command line to 'None'
[0.646s] Level 5:colcon.colcon_core.verb:set package 'phantom_controller' build argument 'catkin_skip_building_tests' from command line to 'False'
[0.647s] DEBUG:colcon.colcon_core.verb:Building package 'phantom_controller' with the following arguments: {'ament_cmake_args': None, 'build_base': '/home/luisen/Documents/Universidad/Robotica/proyect_ws/build/phantom_controller', 'catkin_cmake_args': None, 'catkin_skip_building_tests': False, 'cmake_args': None, 'cmake_clean_cache': False, 'cmake_clean_first': False, 'cmake_force_configure': False, 'cmake_target': None, 'cmake_target_skip_unavailable': False, 'install_base': '/home/luisen/Documents/Universidad/Robotica/proyect_ws/install/phantom_controller', 'merge_install': False, 'path': '/home/luisen/Documents/Universidad/Robotica/proyect_ws/src/phantom_controller', 'symlink_install': False, 'test_result_base': None}
[0.647s] INFO:colcon.colcon_core.executor:Executing jobs using 'parallel' executor
[0.648s] DEBUG:colcon.colcon_parallel_executor.executor.parallel:run_until_complete
[0.649s] INFO:colcon.colcon_ros.task.ament_python.build:Building ROS package in '/home/luisen/Documents/Universidad/Robotica/proyect_ws/src/local_controller' with build type 'ament_python'
[0.649s] Level 1:colcon.colcon_core.shell:create_environment_hook('local_controller', 'ament_prefix_path')
[0.653s] INFO:colcon.colcon_core.plugin_system:Skipping extension 'colcon_core.shell.bat': Not used on non-Windows systems
[0.654s] INFO:colcon.colcon_core.shell:Creating environment hook '/home/luisen/Documents/Universidad/Robotica/proyect_ws/install/local_controller/share/local_controller/hook/ament_prefix_path.ps1'
[0.655s] INFO:colcon.colcon_core.shell:Creating environment descriptor '/home/luisen/Documents/Universidad/Robotica/proyect_ws/install/local_controller/share/local_controller/hook/ament_prefix_path.dsv'
[0.656s] INFO:colcon.colcon_core.shell:Creating environment hook '/home/luisen/Documents/Universidad/Robotica/proyect_ws/install/local_controller/share/local_controller/hook/ament_prefix_path.sh'
[0.657s] INFO:colcon.colcon_core.shell:Skip shell extension 'powershell' for command environment: Not usable outside of PowerShell
[0.657s] DEBUG:colcon.colcon_core.shell:Skip shell extension 'dsv' for command environment
[0.661s] INFO:colcon.colcon_ros.task.ament_python.build:Building ROS package in '/home/luisen/Documents/Universidad/Robotica/proyect_ws/local_station' with build type 'ament_python'
[0.662s] Level 1:colcon.colcon_core.shell:create_environment_hook('local_station', 'ament_prefix_path')
[0.662s] INFO:colcon.colcon_core.shell:Creating environment hook '/home/luisen/Documents/Universidad/Robotica/proyect_ws/install/local_station/share/local_station/hook/ament_prefix_path.ps1'
[0.663s] INFO:colcon.colcon_core.shell:Creating environment descriptor '/home/luisen/Documents/Universidad/Robotica/proyect_ws/install/local_station/share/local_station/hook/ament_prefix_path.dsv'
[0.663s] INFO:colcon.colcon_core.shell:Creating environment hook '/home/luisen/Documents/Universidad/Robotica/proyect_ws/install/local_station/share/local_station/hook/ament_prefix_path.sh'
[0.664s] INFO:colcon.colcon_core.shell:Skip shell extension 'powershell' for command environment: Not usable outside of PowerShell
[0.664s] DEBUG:colcon.colcon_core.shell:Skip shell extension 'dsv' for command environment
[0.668s] INFO:colcon.colcon_ros.task.ament_python.build:Building ROS package in '/home/luisen/Documents/Universidad/Robotica/proyect_ws/src/phantom_controller' with build type 'ament_python'
[0.668s] Level 1:colcon.colcon_core.shell:create_environment_hook('phantom_controller', 'ament_prefix_path')
[0.668s] INFO:colcon.colcon_core.shell:Creating environment hook '/home/luisen/Documents/Universidad/Robotica/proyect_ws/install/phantom_controller/share/phantom_controller/hook/ament_prefix_path.ps1'
[0.669s] INFO:colcon.colcon_core.shell:Creating environment descriptor '/home/luisen/Documents/Universidad/Robotica/proyect_ws/install/phantom_controller/share/phantom_controller/hook/ament_prefix_path.dsv'
[0.669s] INFO:colcon.colcon_core.shell:Creating environment hook '/home/luisen/Documents/Universidad/Robotica/proyect_ws/install/phantom_controller/share/phantom_controller/hook/ament_prefix_path.sh'
[0.670s] INFO:colcon.colcon_core.shell:Skip shell extension 'powershell' for command environment: Not usable outside of PowerShell
[0.670s] DEBUG:colcon.colcon_core.shell:Skip shell extension 'dsv' for command environment
[1.115s] INFO:colcon.colcon_core.task.python.build:Building Python package in '/home/luisen/Documents/Universidad/Robotica/proyect_ws/src/local_controller'
[1.115s] INFO:colcon.colcon_core.shell:Skip shell extension 'powershell' for command environment: Not usable outside of PowerShell
[1.115s] DEBUG:colcon.colcon_core.shell:Skip shell extension 'dsv' for command environment
[1.539s] INFO:colcon.colcon_core.task.python.build:Building Python package in '/home/luisen/Documents/Universidad/Robotica/proyect_ws/local_station'
[1.540s] INFO:colcon.colcon_core.shell:Skip shell extension 'powershell' for command environment: Not usable outside of PowerShell
[1.540s] DEBUG:colcon.colcon_core.shell:Skip shell extension 'dsv' for command environment
[1.994s] INFO:colcon.colcon_core.task.python.build:Building Python package in '/home/luisen/Documents/Universidad/Robotica/proyect_ws/src/phantom_controller'
[1.995s] INFO:colcon.colcon_core.shell:Skip shell extension 'powershell' for command environment: Not usable outside of PowerShell
[1.995s] DEBUG:colcon.colcon_core.shell:Skip shell extension 'dsv' for command environment
[2.726s] DEBUG:colcon.colcon_core.event_handler.log_command:Invoking command in '/home/luisen/Documents/Universidad/Robotica/proyect_ws/local_station': PYTHONPATH=/home/luisen/Documents/Universidad/Robotica/proyect_ws/build/local_station/prefix_override:/usr/lib/python3/dist-packages/colcon_core/task/python/colcon_distutils_commands:/home/luisen/Documents/Universidad/Robotica/proyect_ws/install/local_station/lib/python3.10/site-packages:${PYTHONPATH} /usr/bin/python3 -W ignore:setup.py install is deprecated -W ignore:easy_install command is deprecated setup.py egg_info --egg-base ../build/local_station build --build-base /home/luisen/Documents/Universidad/Robotica/proyect_ws/build/local_station/build install --record /home/luisen/Documents/Universidad/Robotica/proyect_ws/build/local_station/install.log --single-version-externally-managed install_data
[2.791s] DEBUG:colcon.colcon_core.event_handler.log_command:Invoking command in '/home/luisen/Documents/Universidad/Robotica/proyect_ws/src/local_controller': PYTHONPATH=/home/luisen/Documents/Universidad/Robotica/proyect_ws/build/local_controller/prefix_override:/usr/lib/python3/dist-packages/colcon_core/task/python/colcon_distutils_commands:/home/luisen/Documents/Universidad/Robotica/proyect_ws/install/local_controller/lib/python3.10/site-packages:${PYTHONPATH} /usr/bin/python3 -W ignore:setup.py install is deprecated -W ignore:easy_install command is deprecated setup.py egg_info --egg-base ../../build/local_controller build --build-base /home/luisen/Documents/Universidad/Robotica/proyect_ws/build/local_controller/build install --record /home/luisen/Documents/Universidad/Robotica/proyect_ws/build/local_controller/install.log --single-version-externally-managed install_data
[2.806s] DEBUG:colcon.colcon_core.event_handler.log_command:Invoking command in '/home/luisen/Documents/Universidad/Robotica/proyect_ws/src/phantom_controller': PYTHONPATH=/home/luisen/Documents/Universidad/Robotica/proyect_ws/build/phantom_controller/prefix_override:/usr/lib/python3/dist-packages/colcon_core/task/python/colcon_distutils_commands:/home/luisen/Documents/Universidad/Robotica/proyect_ws/install/phantom_controller/lib/python3.10/site-packages:${PYTHONPATH} /usr/bin/python3 -W ignore:setup.py install is deprecated -W ignore:easy_install command is deprecated setup.py egg_info --egg-base ../../build/phantom_controller build --build-base /home/luisen/Documents/Universidad/Robotica/proyect_ws/build/phantom_controller/build install --record /home/luisen/Documents/Universidad/Robotica/proyect_ws/build/phantom_controller/install.log --single-version-externally-managed install_data
[3.187s] DEBUG:colcon.colcon_core.event_handler.log_command:Invoked command in '/home/luisen/Documents/Universidad/Robotica/proyect_ws/local_station' returned '0': PYTHONPATH=/home/luisen/Documents/Universidad/Robotica/proyect_ws/build/local_station/prefix_override:/usr/lib/python3/dist-packages/colcon_core/task/python/colcon_distutils_commands:/home/luisen/Documents/Universidad/Robotica/proyect_ws/install/local_station/lib/python3.10/site-packages:${PYTHONPATH} /usr/bin/python3 -W ignore:setup.py install is deprecated -W ignore:easy_install command is deprecated setup.py egg_info --egg-base ../build/local_station build --build-base /home/luisen/Documents/Universidad/Robotica/proyect_ws/build/local_station/build install --record /home/luisen/Documents/Universidad/Robotica/proyect_ws/build/local_station/install.log --single-version-externally-managed install_data
[3.191s] Level 1:colcon.colcon_core.environment:checking '/home/luisen/Documents/Universidad/Robotica/proyect_ws/install/local_station' for CMake module files
[3.192s] Level 1:colcon.colcon_core.environment:checking '/home/luisen/Documents/Universidad/Robotica/proyect_ws/install/local_station' for CMake config files
[3.194s] Level 1:colcon.colcon_core.environment:checking '/home/luisen/Documents/Universidad/Robotica/proyect_ws/install/local_station/lib'
[3.194s] Level 1:colcon.colcon_core.environment:checking '/home/luisen/Documents/Universidad/Robotica/proyect_ws/install/local_station/bin'
[3.194s] Level 1:colcon.colcon_core.environment:checking '/home/luisen/Documents/Universidad/Robotica/proyect_ws/install/local_station/lib/pkgconfig/local_station.pc'
[3.195s] Level 1:colcon.colcon_core.environment:checking '/home/luisen/Documents/Universidad/Robotica/proyect_ws/install/local_station/lib/python3.10/site-packages'
[3.195s] Level 1:colcon.colcon_core.shell:create_environment_hook('local_station', 'pythonpath')
[3.195s] INFO:colcon.colcon_core.shell:Creating environment hook '/home/luisen/Documents/Universidad/Robotica/proyect_ws/install/local_station/share/local_station/hook/pythonpath.ps1'
[3.197s] INFO:colcon.colcon_core.shell:Creating environment descriptor '/home/luisen/Documents/Universidad/Robotica/proyect_ws/install/local_station/share/local_station/hook/pythonpath.dsv'
[3.197s] INFO:colcon.colcon_core.shell:Creating environment hook '/home/luisen/Documents/Universidad/Robotica/proyect_ws/install/local_station/share/local_station/hook/pythonpath.sh'
[3.199s] Level 1:colcon.colcon_core.environment:checking '/home/luisen/Documents/Universidad/Robotica/proyect_ws/install/local_station/bin'
[3.199s] Level 1:colcon.colcon_core.environment:create_environment_scripts_only(local_station)
[3.200s] INFO:colcon.colcon_core.shell:Creating package script '/home/luisen/Documents/Universidad/Robotica/proyect_ws/install/local_station/share/local_station/package.ps1'
[3.201s] INFO:colcon.colcon_core.shell:Creating package descriptor '/home/luisen/Documents/Universidad/Robotica/proyect_ws/install/local_station/share/local_station/package.dsv'
[3.203s] INFO:colcon.colcon_core.shell:Creating package script '/home/luisen/Documents/Universidad/Robotica/proyect_ws/install/local_station/share/local_station/package.sh'
[3.204s] INFO:colcon.colcon_core.shell:Creating package script '/home/luisen/Documents/Universidad/Robotica/proyect_ws/install/local_station/share/local_station/package.bash'
[3.206s] INFO:colcon.colcon_core.shell:Creating package script '/home/luisen/Documents/Universidad/Robotica/proyect_ws/install/local_station/share/local_station/package.zsh'
[3.208s] Level 1:colcon.colcon_core.environment:create_file_with_runtime_dependencies(/home/luisen/Documents/Universidad/Robotica/proyect_ws/install/local_station/share/colcon-core/packages/local_station)
[3.236s] Level 1:colcon.colcon_core.environment:checking '/home/luisen/Documents/Universidad/Robotica/proyect_ws/install/local_controller' for CMake module files
[3.236s] DEBUG:colcon.colcon_core.event_handler.log_command:Invoked command in '/home/luisen/Documents/Universidad/Robotica/proyect_ws/src/local_controller' returned '0': PYTHONPATH=/home/luisen/Documents/Universidad/Robotica/proyect_ws/build/local_controller/prefix_override:/usr/lib/python3/dist-packages/colcon_core/task/python/colcon_distutils_commands:/home/luisen/Documents/Universidad/Robotica/proyect_ws/install/local_controller/lib/python3.10/site-packages:${PYTHONPATH} /usr/bin/python3 -W ignore:setup.py install is deprecated -W ignore:easy_install command is deprecated setup.py egg_info --egg-base ../../build/local_controller build --build-base /home/luisen/Documents/Universidad/Robotica/proyect_ws/build/local_controller/build install --record /home/luisen/Documents/Universidad/Robotica/proyect_ws/build/local_controller/install.log --single-version-externally-managed install_data
[3.237s] Level 1:colcon.colcon_core.environment:checking '/home/luisen/Documents/Universidad/Robotica/proyect_ws/install/local_controller' for CMake config files
[3.237s] Level 1:colcon.colcon_core.environment:checking '/home/luisen/Documents/Universidad/Robotica/proyect_ws/install/local_controller/lib'
[3.238s] Level 1:colcon.colcon_core.environment:checking '/home/luisen/Documents/Universidad/Robotica/proyect_ws/install/local_controller/bin'
[3.238s] Level 1:colcon.colcon_core.environment:checking '/home/luisen/Documents/Universidad/Robotica/proyect_ws/install/local_controller/lib/pkgconfig/local_controller.pc'
[3.238s] Level 1:colcon.colcon_core.environment:checking '/home/luisen/Documents/Universidad/Robotica/proyect_ws/install/local_controller/lib/python3.10/site-packages'
[3.238s] Level 1:colcon.colcon_core.shell:create_environment_hook('local_controller', 'pythonpath')
[3.238s] INFO:colcon.colcon_core.shell:Creating environment hook '/home/luisen/Documents/Universidad/Robotica/proyect_ws/install/local_controller/share/local_controller/hook/pythonpath.ps1'
[3.239s] INFO:colcon.colcon_core.shell:Creating environment descriptor '/home/luisen/Documents/Universidad/Robotica/proyect_ws/install/local_controller/share/local_controller/hook/pythonpath.dsv'
[3.239s] INFO:colcon.colcon_core.shell:Creating environment hook '/home/luisen/Documents/Universidad/Robotica/proyect_ws/install/local_controller/share/local_controller/hook/pythonpath.sh'
[3.240s] Level 1:colcon.colcon_core.environment:checking '/home/luisen/Documents/Universidad/Robotica/proyect_ws/install/local_controller/bin'
[3.240s] Level 1:colcon.colcon_core.environment:create_environment_scripts_only(local_controller)
[3.240s] INFO:colcon.colcon_core.shell:Creating package script '/home/luisen/Documents/Universidad/Robotica/proyect_ws/install/local_controller/share/local_controller/package.ps1'
[3.241s] INFO:colcon.colcon_core.shell:Creating package descriptor '/home/luisen/Documents/Universidad/Robotica/proyect_ws/install/local_controller/share/local_controller/package.dsv'
[3.241s] INFO:colcon.colcon_core.shell:Creating package script '/home/luisen/Documents/Universidad/Robotica/proyect_ws/install/local_controller/share/local_controller/package.sh'
[3.242s] INFO:colcon.colcon_core.shell:Creating package script '/home/luisen/Documents/Universidad/Robotica/proyect_ws/install/local_controller/share/local_controller/package.bash'
[3.242s] INFO:colcon.colcon_core.shell:Creating package script '/home/luisen/Documents/Universidad/Robotica/proyect_ws/install/local_controller/share/local_controller/package.zsh'
[3.243s] Level 1:colcon.colcon_core.environment:create_file_with_runtime_dependencies(/home/luisen/Documents/Universidad/Robotica/proyect_ws/install/local_controller/share/colcon-core/packages/local_controller)
[3.359s] Level 1:colcon.colcon_core.environment:checking '/home/luisen/Documents/Universidad/Robotica/proyect_ws/install/phantom_controller' for CMake module files
[3.360s] DEBUG:colcon.colcon_core.event_handler.log_command:Invoked command in '/home/luisen/Documents/Universidad/Robotica/proyect_ws/src/phantom_controller' returned '0': PYTHONPATH=/home/luisen/Documents/Universidad/Robotica/proyect_ws/build/phantom_controller/prefix_override:/usr/lib/python3/dist-packages/colcon_core/task/python/colcon_distutils_commands:/home/luisen/Documents/Universidad/Robotica/proyect_ws/install/phantom_controller/lib/python3.10/site-packages:${PYTHONPATH} /usr/bin/python3 -W ignore:setup.py install is deprecated -W ignore:easy_install command is deprecated setup.py egg_info --egg-base ../../build/phantom_controller build --build-base /home/luisen/Documents/Universidad/Robotica/proyect_ws/build/phantom_controller/build install --record /home/luisen/Documents/Universidad/Robotica/proyect_ws/build/phantom_controller/install.log --single-version-externally-managed install_data
[3.361s] Level 1:colcon.colcon_core.environment:checking '/home/luisen/Documents/Universidad/Robotica/proyect_ws/install/phantom_controller' for CMake config files
[3.362s] Level 1:colcon.colcon_core.environment:checking '/home/luisen/Documents/Universidad/Robotica/proyect_ws/install/phantom_controller/lib'
[3.362s] Level 1:colcon.colcon_core.environment:checking '/home/luisen/Documents/Universidad/Robotica/proyect_ws/install/phantom_controller/bin'
[3.362s] Level 1:colcon.colcon_core.environment:checking '/home/luisen/Documents/Universidad/Robotica/proyect_ws/install/phantom_controller/lib/pkgconfig/phantom_controller.pc'
[3.362s] Level 1:colcon.colcon_core.environment:checking '/home/luisen/Documents/Universidad/Robotica/proyect_ws/install/phantom_controller/lib/python3.10/site-packages'
[3.362s] Level 1:colcon.colcon_core.shell:create_environment_hook('phantom_controller', 'pythonpath')
[3.362s] INFO:colcon.colcon_core.shell:Creating environment hook '/home/luisen/Documents/Universidad/Robotica/proyect_ws/install/phantom_controller/share/phantom_controller/hook/pythonpath.ps1'
[3.363s] INFO:colcon.colcon_core.shell:Creating environment descriptor '/home/luisen/Documents/Universidad/Robotica/proyect_ws/install/phantom_controller/share/phantom_controller/hook/pythonpath.dsv'
[3.364s] INFO:colcon.colcon_core.shell:Creating environment hook '/home/luisen/Documents/Universidad/Robotica/proyect_ws/install/phantom_controller/share/phantom_controller/hook/pythonpath.sh'
[3.365s] Level 1:colcon.colcon_core.environment:checking '/home/luisen/Documents/Universidad/Robotica/proyect_ws/install/phantom_controller/bin'
[3.365s] Level 1:colcon.colcon_core.environment:create_environment_scripts_only(phantom_controller)
[3.365s] INFO:colcon.colcon_core.shell:Creating package script '/home/luisen/Documents/Universidad/Robotica/proyect_ws/install/phantom_controller/share/phantom_controller/package.ps1'
[3.366s] INFO:colcon.colcon_core.shell:Creating package descriptor '/home/luisen/Documents/Universidad/Robotica/proyect_ws/install/phantom_controller/share/phantom_controller/package.dsv'
[3.367s] INFO:colcon.colcon_core.shell:Creating package script '/home/luisen/Documents/Universidad/Robotica/proyect_ws/install/phantom_controller/share/phantom_controller/package.sh'
[3.367s] INFO:colcon.colcon_core.shell:Creating package script '/home/luisen/Documents/Universidad/Robotica/proyect_ws/install/phantom_controller/share/phantom_controller/package.bash'
[3.368s] INFO:colcon.colcon_core.shell:Creating package script '/home/luisen/Documents/Universidad/Robotica/proyect_ws/install/phantom_controller/share/phantom_controller/package.zsh'
[3.369s] Level 1:colcon.colcon_core.environment:create_file_with_runtime_dependencies(/home/luisen/Documents/Universidad/Robotica/proyect_ws/install/phantom_controller/share/colcon-core/packages/phantom_controller)
[3.369s] DEBUG:colcon.colcon_parallel_executor.executor.parallel:closing loop
[3.370s] DEBUG:colcon.colcon_parallel_executor.executor.parallel:loop closed
[3.370s] DEBUG:colcon.colcon_parallel_executor.executor.parallel:run_until_complete finished with '0'
[3.371s] DEBUG:colcon.colcon_core.event_reactor:joining thread
[3.381s] INFO:colcon.colcon_core.plugin_system:Skipping extension 'colcon_notification.desktop_notification.terminal_notifier': Not used on non-Darwin systems
[3.382s] INFO:colcon.colcon_core.plugin_system:Skipping extension 'colcon_notification.desktop_notification.win32': Not used on non-Windows systems
[3.382s] INFO:colcon.colcon_notification.desktop_notification:Sending desktop notification using 'notify2'
[3.433s] DEBUG:colcon.colcon_core.event_reactor:joined thread
[3.434s] INFO:colcon.colcon_core.shell:Creating prefix script '/home/luisen/Documents/Universidad/Robotica/proyect_ws/install/local_setup.ps1'
[3.436s] INFO:colcon.colcon_core.shell:Creating prefix util module '/home/luisen/Documents/Universidad/Robotica/proyect_ws/install/_local_setup_util_ps1.py'
[3.439s] INFO:colcon.colcon_core.shell:Creating prefix chain script '/home/luisen/Documents/Universidad/Robotica/proyect_ws/install/setup.ps1'
[3.441s] INFO:colcon.colcon_core.shell:Creating prefix script '/home/luisen/Documents/Universidad/Robotica/proyect_ws/install/local_setup.sh'
[3.442s] INFO:colcon.colcon_core.shell:Creating prefix util module '/home/luisen/Documents/Universidad/Robotica/proyect_ws/install/_local_setup_util_sh.py'
[3.443s] INFO:colcon.colcon_core.shell:Creating prefix chain script '/home/luisen/Documents/Universidad/Robotica/proyect_ws/install/setup.sh'
[3.446s] INFO:colcon.colcon_core.shell:Creating prefix script '/home/luisen/Documents/Universidad/Robotica/proyect_ws/install/local_setup.bash'
[3.447s] INFO:colcon.colcon_core.shell:Creating prefix chain script '/home/luisen/Documents/Universidad/Robotica/proyect_ws/install/setup.bash'
[3.449s] INFO:colcon.colcon_core.shell:Creating prefix script '/home/luisen/Documents/Universidad/Robotica/proyect_ws/install/local_setup.zsh'
[3.450s] INFO:colcon.colcon_core.shell:Creating prefix chain script '/home/luisen/Documents/Universidad/Robotica/proyect_ws/install/setup.zsh'
