[1.831s] Invoking command in '/home/luisen/Documents/Universidad/Robotica/proyect_ws/src/local_controller': PYTHONPATH=/home/luisen/Documents/Universidad/Robotica/proyect_ws/build/local_controller/prefix_override:/usr/lib/python3/dist-packages/colcon_core/task/python/colcon_distutils_commands:/home/luisen/Documents/Universidad/Robotica/proyect_ws/install/local_controller/lib/python3.10/site-packages:${PYTHONPATH} /usr/bin/python3 -W ignore:setup.py install is deprecated -W ignore:easy_install command is deprecated setup.py egg_info --egg-base ../../build/local_controller build --build-base /home/luisen/Documents/Universidad/Robotica/proyect_ws/build/local_controller/build install --record /home/luisen/Documents/Universidad/Robotica/proyect_ws/build/local_controller/install.log --single-version-externally-managed install_data
[2.292s] running egg_info
[2.293s] writing ../../build/local_controller/local_controller.egg-info/PKG-INFO
[2.293s] writing dependency_links to ../../build/local_controller/local_controller.egg-info/dependency_links.txt
[2.294s] writing entry points to ../../build/local_controller/local_controller.egg-info/entry_points.txt
[2.294s] writing requirements to ../../build/local_controller/local_controller.egg-info/requires.txt
[2.294s] writing top-level names to ../../build/local_controller/local_controller.egg-info/top_level.txt
[2.297s] reading manifest file '../../build/local_controller/local_controller.egg-info/SOURCES.txt'
[2.299s] writing manifest file '../../build/local_controller/local_controller.egg-info/SOURCES.txt'
[2.299s] running build
[2.299s] running build_py
[2.300s] running install
[2.301s] running install_lib
[2.303s] running install_data
[2.304s] running install_egg_info
[2.308s] removing '/home/luisen/Documents/Universidad/Robotica/proyect_ws/install/local_controller/lib/python3.10/site-packages/local_controller-1.0.0-py3.10.egg-info' (and everything under it)
[2.309s] Copying ../../build/local_controller/local_controller.egg-info to /home/luisen/Documents/Universidad/Robotica/proyect_ws/install/local_controller/lib/python3.10/site-packages/local_controller-1.0.0-py3.10.egg-info
[2.311s] running install_scripts
[2.352s] Installing local_controller script to /home/luisen/Documents/Universidad/Robotica/proyect_ws/install/local_controller/lib/local_controller
[2.354s] writing list of installed files to '/home/luisen/Documents/Universidad/Robotica/proyect_ws/build/local_controller/install.log'
[2.396s] Invoked command in '/home/luisen/Documents/Universidad/Robotica/proyect_ws/src/local_controller' returned '0': PYTHONPATH=/home/luisen/Documents/Universidad/Robotica/proyect_ws/build/local_controller/prefix_override:/usr/lib/python3/dist-packages/colcon_core/task/python/colcon_distutils_commands:/home/luisen/Documents/Universidad/Robotica/proyect_ws/install/local_controller/lib/python3.10/site-packages:${PYTHONPATH} /usr/bin/python3 -W ignore:setup.py install is deprecated -W ignore:easy_install command is deprecated setup.py egg_info --egg-base ../../build/local_controller build --build-base /home/luisen/Documents/Universidad/Robotica/proyect_ws/build/local_controller/build install --record /home/luisen/Documents/Universidad/Robotica/proyect_ws/build/local_controller/install.log --single-version-externally-managed install_data
