running egg_info
writing ../../build/local_controller/local_controller.egg-info/PKG-INFO
writing dependency_links to ../../build/local_controller/local_controller.egg-info/dependency_links.txt
writing entry points to ../../build/local_controller/local_controller.egg-info/entry_points.txt
writing requirements to ../../build/local_controller/local_controller.egg-info/requires.txt
writing top-level names to ../../build/local_controller/local_controller.egg-info/top_level.txt
reading manifest file '../../build/local_controller/local_controller.egg-info/SOURCES.txt'
writing manifest file '../../build/local_controller/local_controller.egg-info/SOURCES.txt'
running build
running build_py
running install
running install_lib
running install_data
copying package.xml -> /home/luisen/Documents/Universidad/Robotica/proyect_ws/install/local_controller/share/local_controller
running install_egg_info
removing '/home/luisen/Documents/Universidad/Robotica/proyect_ws/install/local_controller/lib/python3.10/site-packages/local_controller-1.0.0-py3.10.egg-info' (and everything under it)
Copying ../../build/local_controller/local_controller.egg-info to /home/luisen/Documents/Universidad/Robotica/proyect_ws/install/local_controller/lib/python3.10/site-packages/local_controller-1.0.0-py3.10.egg-info
running install_scripts
Installing local_controller script to /home/luisen/Documents/Universidad/Robotica/proyect_ws/install/local_controller/lib/local_controller
writing list of installed files to '/home/luisen/Documents/Universidad/Robotica/proyect_ws/build/local_controller/install.log'
