[1.684s] Invoking command in '/home/luisen/Documents/Universidad/Robotica/proyect_ws/src/phantom_controller': PYTHONPATH=/home/luisen/Documents/Universidad/Robotica/proyect_ws/build/phantom_controller/prefix_override:/usr/lib/python3/dist-packages/colcon_core/task/python/colcon_distutils_commands:/home/luisen/Documents/Universidad/Robotica/proyect_ws/install/phantom_controller/lib/python3.10/site-packages:${PYTHONPATH} /usr/bin/python3 -W ignore:setup.py install is deprecated -W ignore:easy_install command is deprecated setup.py egg_info --egg-base ../../build/phantom_controller build --build-base /home/luisen/Documents/Universidad/Robotica/proyect_ws/build/phantom_controller/build install --record /home/luisen/Documents/Universidad/Robotica/proyect_ws/build/phantom_controller/install.log --single-version-externally-managed install_data
[2.052s] running egg_info
[2.053s] writing ../../build/phantom_controller/phantom_controller.egg-info/PKG-INFO
[2.054s] writing dependency_links to ../../build/phantom_controller/phantom_controller.egg-info/dependency_links.txt
[2.055s] writing entry points to ../../build/phantom_controller/phantom_controller.egg-info/entry_points.txt
[2.055s] writing requirements to ../../build/phantom_controller/phantom_controller.egg-info/requires.txt
[2.055s] writing top-level names to ../../build/phantom_controller/phantom_controller.egg-info/top_level.txt
[2.056s] reading manifest file '../../build/phantom_controller/phantom_controller.egg-info/SOURCES.txt'
[2.074s] writing manifest file '../../build/phantom_controller/phantom_controller.egg-info/SOURCES.txt'
[2.074s] running build
[2.074s] running build_py
[2.074s] copying phantom_controller/tester.py -> /home/luisen/Documents/Universidad/Robotica/proyect_ws/build/phantom_controller/build/lib/phantom_controller
[2.075s] copying phantom_controller/KinematicCalculator.py -> /home/luisen/Documents/Universidad/Robotica/proyect_ws/build/phantom_controller/build/lib/phantom_controller
[2.075s] running install
[2.076s] running install_lib
[2.078s] copying /home/luisen/Documents/Universidad/Robotica/proyect_ws/build/phantom_controller/build/lib/phantom_controller/tester.py -> /home/luisen/Documents/Universidad/Robotica/proyect_ws/install/phantom_controller/lib/python3.10/site-packages/phantom_controller
[2.079s] copying /home/luisen/Documents/Universidad/Robotica/proyect_ws/build/phantom_controller/build/lib/phantom_controller/KinematicCalculator.py -> /home/luisen/Documents/Universidad/Robotica/proyect_ws/install/phantom_controller/lib/python3.10/site-packages/phantom_controller
[2.079s] byte-compiling /home/luisen/Documents/Universidad/Robotica/proyect_ws/install/phantom_controller/lib/python3.10/site-packages/phantom_controller/tester.py to tester.cpython-310.pyc
[2.079s] byte-compiling /home/luisen/Documents/Universidad/Robotica/proyect_ws/install/phantom_controller/lib/python3.10/site-packages/phantom_controller/KinematicCalculator.py to KinematicCalculator.cpython-310.pyc
[2.083s] running install_data
[2.083s] running install_egg_info
[2.083s] removing '/home/luisen/Documents/Universidad/Robotica/proyect_ws/install/phantom_controller/lib/python3.10/site-packages/phantom_controller-0.0.0-py3.10.egg-info' (and everything under it)
[2.084s] Copying ../../build/phantom_controller/phantom_controller.egg-info to /home/luisen/Documents/Universidad/Robotica/proyect_ws/install/phantom_controller/lib/python3.10/site-packages/phantom_controller-0.0.0-py3.10.egg-info
[2.085s] running install_scripts
[2.119s] Installing phantom_controller script to /home/luisen/Documents/Universidad/Robotica/proyect_ws/install/phantom_controller/lib/phantom_controller
[2.119s] writing list of installed files to '/home/luisen/Documents/Universidad/Robotica/proyect_ws/build/phantom_controller/install.log'
[2.153s] Invoked command in '/home/luisen/Documents/Universidad/Robotica/proyect_ws/src/phantom_controller' returned '0': PYTHONPATH=/home/luisen/Documents/Universidad/Robotica/proyect_ws/build/phantom_controller/prefix_override:/usr/lib/python3/dist-packages/colcon_core/task/python/colcon_distutils_commands:/home/luisen/Documents/Universidad/Robotica/proyect_ws/install/phantom_controller/lib/python3.10/site-packages:${PYTHONPATH} /usr/bin/python3 -W ignore:setup.py install is deprecated -W ignore:easy_install command is deprecated setup.py egg_info --egg-base ../../build/phantom_controller build --build-base /home/luisen/Documents/Universidad/Robotica/proyect_ws/build/phantom_controller/build install --record /home/luisen/Documents/Universidad/Robotica/proyect_ws/build/phantom_controller/install.log --single-version-externally-managed install_data
