running egg_info
creating ../../build/local_controller/local_controller.egg-info
writing ../../build/local_controller/local_controller.egg-info/PKG-INFO
writing dependency_links to ../../build/local_controller/local_controller.egg-info/dependency_links.txt
writing entry points to ../../build/local_controller/local_controller.egg-info/entry_points.txt
writing requirements to ../../build/local_controller/local_controller.egg-info/requires.txt
writing top-level names to ../../build/local_controller/local_controller.egg-info/top_level.txt
writing manifest file '../../build/local_controller/local_controller.egg-info/SOURCES.txt'
reading manifest file '../../build/local_controller/local_controller.egg-info/SOURCES.txt'
writing manifest file '../../build/local_controller/local_controller.egg-info/SOURCES.txt'
running build
running build_py
creating /home/luisen/Documents/Universidad/Robotica/proyect_ws/build/local_controller/build
creating /home/luisen/Documents/Universidad/Robotica/proyect_ws/build/local_controller/build/lib
creating /home/luisen/Documents/Universidad/Robotica/proyect_ws/build/local_controller/build/lib/local_controller
copying local_controller/__init__.py -> /home/luisen/Documents/Universidad/Robotica/proyect_ws/build/local_controller/build/lib/local_controller
running install
running install_lib
creating /home/luisen/Documents/Universidad/Robotica/proyect_ws/install/local_controller/lib/python3.10/site-packages/local_controller
copying /home/luisen/Documents/Universidad/Robotica/proyect_ws/build/local_controller/build/lib/local_controller/__init__.py -> /home/luisen/Documents/Universidad/Robotica/proyect_ws/install/local_controller/lib/python3.10/site-packages/local_controller
byte-compiling /home/luisen/Documents/Universidad/Robotica/proyect_ws/install/local_controller/lib/python3.10/site-packages/local_controller/__init__.py to __init__.cpython-310.pyc
running install_data
creating /home/luisen/Documents/Universidad/Robotica/proyect_ws/install/local_controller/share/ament_index
creating /home/luisen/Documents/Universidad/Robotica/proyect_ws/install/local_controller/share/ament_index/resource_index
creating /home/luisen/Documents/Universidad/Robotica/proyect_ws/install/local_controller/share/ament_index/resource_index/packages
copying resource/local_controller -> /home/luisen/Documents/Universidad/Robotica/proyect_ws/install/local_controller/share/ament_index/resource_index/packages
copying package.xml -> /home/luisen/Documents/Universidad/Robotica/proyect_ws/install/local_controller/share/local_controller
running install_egg_info
Copying ../../build/local_controller/local_controller.egg-info to /home/luisen/Documents/Universidad/Robotica/proyect_ws/install/local_controller/lib/python3.10/site-packages/local_controller-1.0.0-py3.10.egg-info
running install_scripts
Installing local_controller script to /home/luisen/Documents/Universidad/Robotica/proyect_ws/install/local_controller/lib/local_controller
writing list of installed files to '/home/luisen/Documents/Universidad/Robotica/proyect_ws/build/local_controller/install.log'
