[1.664s] Invoking command in '/home/luisen/Documents/Universidad/Robotica/proyect_ws/src/local_controller': PYTHONPATH=/home/luisen/Documents/Universidad/Robotica/proyect_ws/build/local_controller/prefix_override:/usr/lib/python3/dist-packages/colcon_core/task/python/colcon_distutils_commands:/home/luisen/Documents/Universidad/Robotica/proyect_ws/install/local_controller/lib/python3.10/site-packages:${PYTHONPATH} /usr/bin/python3 -W ignore:setup.py install is deprecated -W ignore:easy_install command is deprecated setup.py egg_info --egg-base ../../build/local_controller build --build-base /home/luisen/Documents/Universidad/Robotica/proyect_ws/build/local_controller/build install --record /home/luisen/Documents/Universidad/Robotica/proyect_ws/build/local_controller/install.log --single-version-externally-managed install_data
[1.979s] running egg_info
[1.979s] creating ../../build/local_controller/local_controller.egg-info
[1.979s] writing ../../build/local_controller/local_controller.egg-info/PKG-INFO
[1.980s] writing dependency_links to ../../build/local_controller/local_controller.egg-info/dependency_links.txt
[1.980s] writing entry points to ../../build/local_controller/local_controller.egg-info/entry_points.txt
[1.980s] writing requirements to ../../build/local_controller/local_controller.egg-info/requires.txt
[1.980s] writing top-level names to ../../build/local_controller/local_controller.egg-info/top_level.txt
[1.981s] writing manifest file '../../build/local_controller/local_controller.egg-info/SOURCES.txt'
[1.982s] reading manifest file '../../build/local_controller/local_controller.egg-info/SOURCES.txt'
[1.983s] writing manifest file '../../build/local_controller/local_controller.egg-info/SOURCES.txt'
[1.984s] running build
[1.984s] running build_py
[1.984s] creating /home/luisen/Documents/Universidad/Robotica/proyect_ws/build/local_controller/build
[1.984s] creating /home/luisen/Documents/Universidad/Robotica/proyect_ws/build/local_controller/build/lib
[1.984s] creating /home/luisen/Documents/Universidad/Robotica/proyect_ws/build/local_controller/build/lib/local_controller
[1.985s] copying local_controller/__init__.py -> /home/luisen/Documents/Universidad/Robotica/proyect_ws/build/local_controller/build/lib/local_controller
[1.985s] running install
[1.986s] running install_lib
[1.987s] creating /home/luisen/Documents/Universidad/Robotica/proyect_ws/install/local_controller/lib/python3.10/site-packages/local_controller
[1.987s] copying /home/luisen/Documents/Universidad/Robotica/proyect_ws/build/local_controller/build/lib/local_controller/__init__.py -> /home/luisen/Documents/Universidad/Robotica/proyect_ws/install/local_controller/lib/python3.10/site-packages/local_controller
[1.987s] byte-compiling /home/luisen/Documents/Universidad/Robotica/proyect_ws/install/local_controller/lib/python3.10/site-packages/local_controller/__init__.py to __init__.cpython-310.pyc
[1.987s] running install_data
[1.987s] creating /home/luisen/Documents/Universidad/Robotica/proyect_ws/install/local_controller/share/ament_index
[1.988s] creating /home/luisen/Documents/Universidad/Robotica/proyect_ws/install/local_controller/share/ament_index/resource_index
[1.988s] creating /home/luisen/Documents/Universidad/Robotica/proyect_ws/install/local_controller/share/ament_index/resource_index/packages
[1.988s] copying resource/local_controller -> /home/luisen/Documents/Universidad/Robotica/proyect_ws/install/local_controller/share/ament_index/resource_index/packages
[1.988s] copying package.xml -> /home/luisen/Documents/Universidad/Robotica/proyect_ws/install/local_controller/share/local_controller
[1.988s] running install_egg_info
[1.990s] Copying ../../build/local_controller/local_controller.egg-info to /home/luisen/Documents/Universidad/Robotica/proyect_ws/install/local_controller/lib/python3.10/site-packages/local_controller-1.0.0-py3.10.egg-info
[1.991s] running install_scripts
[2.015s] Installing local_controller script to /home/luisen/Documents/Universidad/Robotica/proyect_ws/install/local_controller/lib/local_controller
[2.015s] writing list of installed files to '/home/luisen/Documents/Universidad/Robotica/proyect_ws/build/local_controller/install.log'
[2.090s] Invoked command in '/home/luisen/Documents/Universidad/Robotica/proyect_ws/src/local_controller' returned '0': PYTHONPATH=/home/luisen/Documents/Universidad/Robotica/proyect_ws/build/local_controller/prefix_override:/usr/lib/python3/dist-packages/colcon_core/task/python/colcon_distutils_commands:/home/luisen/Documents/Universidad/Robotica/proyect_ws/install/local_controller/lib/python3.10/site-packages:${PYTHONPATH} /usr/bin/python3 -W ignore:setup.py install is deprecated -W ignore:easy_install command is deprecated setup.py egg_info --egg-base ../../build/local_controller build --build-base /home/luisen/Documents/Universidad/Robotica/proyect_ws/build/local_controller/build install --record /home/luisen/Documents/Universidad/Robotica/proyect_ws/build/local_controller/install.log --single-version-externally-managed install_data
