[0.138s] DEBUG:colcon:Command line arguments: ['/usr/bin/colcon', 'build']
[0.138s] DEBUG:colcon:Parsed command line arguments: Namespace(log_base=None, log_level=None, verb_name='build', build_base='build', install_base='install', merge_install=False, symlink_install=False, test_result_base=None, continue_on_error=False, executor='parallel', parallel_workers=8, event_handlers=None, ignore_user_meta=False, metas=['./colcon.meta'], base_paths=['.'], packages_ignore=None, packages_ignore_regex=None, paths=None, packages_up_to=None, packages_up_to_regex=None, packages_above=None, packages_above_and_dependencies=None, packages_above_depth=None, packages_select_by_dep=None, packages_skip_by_dep=None, packages_skip_up_to=None, packages_select_build_failed=False, packages_skip_build_finished=False, packages_select_test_failures=False, packages_skip_test_passed=False, packages_select=None, packages_skip=None, packages_select_regex=None, packages_skip_regex=None, packages_start=None, packages_end=None, allow_overriding=[], cmake_args=None, cmake_target=None, cmake_target_skip_unavailable=False, cmake_clean_cache=False, cmake_clean_first=False, cmake_force_configure=False, ament_cmake_args=None, catkin_cmake_args=None, catkin_skip_building_tests=False, mixin_files=None, mixin=None, verb_parser=<colcon_mixin.mixin.mixin_argument.MixinArgumentDecorator object at 0x714f4d34e620>, verb_extension=<colcon_core.verb.build.BuildVerb object at 0x714f4d34df90>, main=<bound method BuildVerb.main of <colcon_core.verb.build.BuildVerb object at 0x714f4d34df90>>, mixin_verb=('build',))
[0.390s] Level 1:colcon.colcon_core.package_discovery:discover_packages(colcon_meta) check parameters
[0.391s] Level 1:colcon.colcon_core.package_discovery:discover_packages(recursive) check parameters
[0.391s] Level 1:colcon.colcon_core.package_discovery:discover_packages(ignore) check parameters
[0.391s] Level 1:colcon.colcon_core.package_discovery:discover_packages(path) check parameters
[0.391s] Level 1:colcon.colcon_core.package_discovery:discover_packages(colcon_meta) discover
[0.391s] Level 1:colcon.colcon_core.package_discovery:discover_packages(recursive) discover
[0.391s] INFO:colcon.colcon_core.package_discovery:Crawling recursively for packages in '/home/luisen/Documents/Universidad/Robotica/proyect_ws'
[0.391s] Level 1:colcon.colcon_core.package_identification:_identify(.) by extensions ['ignore', 'ignore_ament_install']
[0.391s] Level 1:colcon.colcon_core.package_identification:_identify(.) by extension 'ignore'
[0.391s] Level 1:colcon.colcon_core.package_identification:_identify(.) by extension 'ignore_ament_install'
[0.391s] Level 1:colcon.colcon_core.package_identification:_identify(.) by extensions ['colcon_pkg']
[0.392s] Level 1:colcon.colcon_core.package_identification:_identify(.) by extension 'colcon_pkg'
[0.392s] Level 1:colcon.colcon_core.package_identification:_identify(.) by extensions ['colcon_meta']
[0.392s] Level 1:colcon.colcon_core.package_identification:_identify(.) by extension 'colcon_meta'
[0.392s] Level 1:colcon.colcon_core.package_identification:_identify(.) by extensions ['ros']
[0.392s] Level 1:colcon.colcon_core.package_identification:_identify(.) by extension 'ros'
[0.407s] Level 1:colcon.colcon_core.package_identification:_identify(.) by extensions ['cmake', 'python']
[0.407s] Level 1:colcon.colcon_core.package_identification:_identify(.) by extension 'cmake'
[0.407s] Level 1:colcon.colcon_core.package_identification:_identify(.) by extension 'python'
[0.407s] Level 1:colcon.colcon_core.package_identification:_identify(.) by extensions ['python_setup_py']
[0.407s] Level 1:colcon.colcon_core.package_identification:_identify(.) by extension 'python_setup_py'
[0.408s] Level 1:colcon.colcon_core.package_identification:_identify(build) by extensions ['ignore', 'ignore_ament_install']
[0.408s] Level 1:colcon.colcon_core.package_identification:_identify(build) by extension 'ignore'
[0.408s] Level 1:colcon.colcon_core.package_identification:_identify(build) ignored
[0.408s] Level 1:colcon.colcon_core.package_identification:_identify(install) by extensions ['ignore', 'ignore_ament_install']
[0.408s] Level 1:colcon.colcon_core.package_identification:_identify(install) by extension 'ignore'
[0.408s] Level 1:colcon.colcon_core.package_identification:_identify(install) ignored
[0.408s] Level 1:colcon.colcon_core.package_identification:_identify(local_station) by extensions ['ignore', 'ignore_ament_install']
[0.408s] Level 1:colcon.colcon_core.package_identification:_identify(local_station) by extension 'ignore'
[0.408s] Level 1:colcon.colcon_core.package_identification:_identify(local_station) by extension 'ignore_ament_install'
[0.409s] Level 1:colcon.colcon_core.package_identification:_identify(local_station) by extensions ['colcon_pkg']
[0.409s] Level 1:colcon.colcon_core.package_identification:_identify(local_station) by extension 'colcon_pkg'
[0.409s] Level 1:colcon.colcon_core.package_identification:_identify(local_station) by extensions ['colcon_meta']
[0.409s] Level 1:colcon.colcon_core.package_identification:_identify(local_station) by extension 'colcon_meta'
[0.409s] Level 1:colcon.colcon_core.package_identification:_identify(local_station) by extensions ['ros']
[0.409s] Level 1:colcon.colcon_core.package_identification:_identify(local_station) by extension 'ros'
[0.412s] DEBUG:colcon.colcon_core.package_identification:Package 'local_station' with type 'ros.ament_python' and name 'local_station'
[0.412s] Level 1:colcon.colcon_core.package_identification:_identify(log) by extensions ['ignore', 'ignore_ament_install']
[0.412s] Level 1:colcon.colcon_core.package_identification:_identify(log) by extension 'ignore'
[0.412s] Level 1:colcon.colcon_core.package_identification:_identify(log) ignored
[0.412s] Level 1:colcon.colcon_core.package_identification:_identify(src) by extensions ['ignore', 'ignore_ament_install']
[0.412s] Level 1:colcon.colcon_core.package_identification:_identify(src) by extension 'ignore'
[0.412s] Level 1:colcon.colcon_core.package_identification:_identify(src) by extension 'ignore_ament_install'
[0.412s] Level 1:colcon.colcon_core.package_identification:_identify(src) by extensions ['colcon_pkg']
[0.412s] Level 1:colcon.colcon_core.package_identification:_identify(src) by extension 'colcon_pkg'
[0.412s] Level 1:colcon.colcon_core.package_identification:_identify(src) by extensions ['colcon_meta']
[0.412s] Level 1:colcon.colcon_core.package_identification:_identify(src) by extension 'colcon_meta'
[0.413s] Level 1:colcon.colcon_core.package_identification:_identify(src) by extensions ['ros']
[0.413s] Level 1:colcon.colcon_core.package_identification:_identify(src) by extension 'ros'
[0.413s] Level 1:colcon.colcon_core.package_identification:_identify(src) by extensions ['cmake', 'python']
[0.413s] Level 1:colcon.colcon_core.package_identification:_identify(src) by extension 'cmake'
[0.413s] Level 1:colcon.colcon_core.package_identification:_identify(src) by extension 'python'
[0.413s] Level 1:colcon.colcon_core.package_identification:_identify(src) by extensions ['python_setup_py']
[0.413s] Level 1:colcon.colcon_core.package_identification:_identify(src) by extension 'python_setup_py'
[0.413s] Level 1:colcon.colcon_core.package_identification:_identify(src/local_controller) by extensions ['ignore', 'ignore_ament_install']
[0.413s] Level 1:colcon.colcon_core.package_identification:_identify(src/local_controller) by extension 'ignore'
[0.413s] Level 1:colcon.colcon_core.package_identification:_identify(src/local_controller) by extension 'ignore_ament_install'
[0.413s] Level 1:colcon.colcon_core.package_identification:_identify(src/local_controller) by extensions ['colcon_pkg']
[0.413s] Level 1:colcon.colcon_core.package_identification:_identify(src/local_controller) by extension 'colcon_pkg'
[0.413s] Level 1:colcon.colcon_core.package_identification:_identify(src/local_controller) by extensions ['colcon_meta']
[0.413s] Level 1:colcon.colcon_core.package_identification:_identify(src/local_controller) by extension 'colcon_meta'
[0.413s] Level 1:colcon.colcon_core.package_identification:_identify(src/local_controller) by extensions ['ros']
[0.414s] Level 1:colcon.colcon_core.package_identification:_identify(src/local_controller) by extension 'ros'
[0.415s] DEBUG:colcon.colcon_core.package_identification:Package 'src/local_controller' with type 'ros.ament_python' and name 'local_controller'
[0.415s] Level 1:colcon.colcon_core.package_identification:_identify(src/phantom_controller) by extensions ['ignore', 'ignore_ament_install']
[0.415s] Level 1:colcon.colcon_core.package_identification:_identify(src/phantom_controller) by extension 'ignore'
[0.415s] Level 1:colcon.colcon_core.package_identification:_identify(src/phantom_controller) by extension 'ignore_ament_install'
[0.415s] Level 1:colcon.colcon_core.package_identification:_identify(src/phantom_controller) by extensions ['colcon_pkg']
[0.415s] Level 1:colcon.colcon_core.package_identification:_identify(src/phantom_controller) by extension 'colcon_pkg'
[0.415s] Level 1:colcon.colcon_core.package_identification:_identify(src/phantom_controller) by extensions ['colcon_meta']
[0.415s] Level 1:colcon.colcon_core.package_identification:_identify(src/phantom_controller) by extension 'colcon_meta'
[0.415s] Level 1:colcon.colcon_core.package_identification:_identify(src/phantom_controller) by extensions ['ros']
[0.416s] Level 1:colcon.colcon_core.package_identification:_identify(src/phantom_controller) by extension 'ros'
[0.417s] DEBUG:colcon.colcon_core.package_identification:Package 'src/phantom_controller' with type 'ros.ament_python' and name 'phantom_controller'
[0.417s] Level 1:colcon.colcon_core.package_discovery:discover_packages(recursive) using defaults
[0.417s] Level 1:colcon.colcon_core.package_discovery:discover_packages(ignore) discover
[0.417s] Level 1:colcon.colcon_core.package_discovery:discover_packages(ignore) using defaults
[0.417s] Level 1:colcon.colcon_core.package_discovery:discover_packages(path) discover
[0.417s] Level 1:colcon.colcon_core.package_discovery:discover_packages(path) using defaults
[0.452s] Level 1:colcon.colcon_core.package_discovery:discover_packages(prefix_path) check parameters
[0.452s] Level 1:colcon.colcon_core.package_discovery:discover_packages(prefix_path) discover
[0.454s] DEBUG:colcon.colcon_installed_package_information.package_discovery:Found 3 installed packages in /home/luisen/Documents/Universidad/Robotica/proyect_ws/install
[0.456s] DEBUG:colcon.colcon_installed_package_information.package_discovery:Found 313 installed packages in /opt/ros/humble
[0.459s] Level 1:colcon.colcon_core.package_discovery:discover_packages(prefix_path) using defaults
[0.518s] Level 5:colcon.colcon_core.verb:set package 'local_controller' build argument 'cmake_args' from command line to 'None'
[0.518s] Level 5:colcon.colcon_core.verb:set package 'local_controller' build argument 'cmake_target' from command line to 'None'
[0.518s] Level 5:colcon.colcon_core.verb:set package 'local_controller' build argument 'cmake_target_skip_unavailable' from command line to 'False'
[0.518s] Level 5:colcon.colcon_core.verb:set package 'local_controller' build argument 'cmake_clean_cache' from command line to 'False'
[0.518s] Level 5:colcon.colcon_core.verb:set package 'local_controller' build argument 'cmake_clean_first' from command line to 'False'
[0.518s] Level 5:colcon.colcon_core.verb:set package 'local_controller' build argument 'cmake_force_configure' from command line to 'False'
[0.518s] Level 5:colcon.colcon_core.verb:set package 'local_controller' build argument 'ament_cmake_args' from command line to 'None'
[0.518s] Level 5:colcon.colcon_core.verb:set package 'local_controller' build argument 'catkin_cmake_args' from command line to 'None'
[0.518s] Level 5:colcon.colcon_core.verb:set package 'local_controller' build argument 'catkin_skip_building_tests' from command line to 'False'
[0.518s] DEBUG:colcon.colcon_core.verb:Building package 'local_controller' with the following arguments: {'ament_cmake_args': None, 'build_base': '/home/luisen/Documents/Universidad/Robotica/proyect_ws/build/local_controller', 'catkin_cmake_args': None, 'catkin_skip_building_tests': False, 'cmake_args': None, 'cmake_clean_cache': False, 'cmake_clean_first': False, 'cmake_force_configure': False, 'cmake_target': None, 'cmake_target_skip_unavailable': False, 'install_base': '/home/luisen/Documents/Universidad/Robotica/proyect_ws/install/local_controller', 'merge_install': False, 'path': '/home/luisen/Documents/Universidad/Robotica/proyect_ws/src/local_controller', 'symlink_install': False, 'test_result_base': None}
[0.519s] Level 5:colcon.colcon_core.verb:set package 'local_station' build argument 'cmake_args' from command line to 'None'
[0.519s] Level 5:colcon.colcon_core.verb:set package 'local_station' build argument 'cmake_target' from command line to 'None'
[0.519s] Level 5:colcon.colcon_core.verb:set package 'local_station' build argument 'cmake_target_skip_unavailable' from command line to 'False'
[0.519s] Level 5:colcon.colcon_core.verb:set package 'local_station' build argument 'cmake_clean_cache' from command line to 'False'
[0.519s] Level 5:colcon.colcon_core.verb:set package 'local_station' build argument 'cmake_clean_first' from command line to 'False'
[0.519s] Level 5:colcon.colcon_core.verb:set package 'local_station' build argument 'cmake_force_configure' from command line to 'False'
[0.519s] Level 5:colcon.colcon_core.verb:set package 'local_station' build argument 'ament_cmake_args' from command line to 'None'
[0.519s] Level 5:colcon.colcon_core.verb:set package 'local_station' build argument 'catkin_cmake_args' from command line to 'None'
[0.519s] Level 5:colcon.colcon_core.verb:set package 'local_station' build argument 'catkin_skip_building_tests' from command line to 'False'
[0.519s] DEBUG:colcon.colcon_core.verb:Building package 'local_station' with the following arguments: {'ament_cmake_args': None, 'build_base': '/home/luisen/Documents/Universidad/Robotica/proyect_ws/build/local_station', 'catkin_cmake_args': None, 'catkin_skip_building_tests': False, 'cmake_args': None, 'cmake_clean_cache': False, 'cmake_clean_first': False, 'cmake_force_configure': False, 'cmake_target': None, 'cmake_target_skip_unavailable': False, 'install_base': '/home/luisen/Documents/Universidad/Robotica/proyect_ws/install/local_station', 'merge_install': False, 'path': '/home/luisen/Documents/Universidad/Robotica/proyect_ws/local_station', 'symlink_install': False, 'test_result_base': None}
[0.520s] Level 5:colcon.colcon_core.verb:set package 'phantom_controller' build argument 'cmake_args' from command line to 'None'
[0.520s] Level 5:colcon.colcon_core.verb:set package 'phantom_controller' build argument 'cmake_target' from command line to 'None'
[0.520s] Level 5:colcon.colcon_core.verb:set package 'phantom_controller' build argument 'cmake_target_skip_unavailable' from command line to 'False'
[0.520s] Level 5:colcon.colcon_core.verb:set package 'phantom_controller' build argument 'cmake_clean_cache' from command line to 'False'
[0.520s] Level 5:colcon.colcon_core.verb:set package 'phantom_controller' build argument 'cmake_clean_first' from command line to 'False'
[0.520s] Level 5:colcon.colcon_core.verb:set package 'phantom_controller' build argument 'cmake_force_configure' from command line to 'False'
[0.520s] Level 5:colcon.colcon_core.verb:set package 'phantom_controller' build argument 'ament_cmake_args' from command line to 'None'
[0.520s] Level 5:colcon.colcon_core.verb:set package 'phantom_controller' build argument 'catkin_cmake_args' from command line to 'None'
[0.520s] Level 5:colcon.colcon_core.verb:set package 'phantom_controller' build argument 'catkin_skip_building_tests' from command line to 'False'
[0.520s] DEBUG:colcon.colcon_core.verb:Building package 'phantom_controller' with the following arguments: {'ament_cmake_args': None, 'build_base': '/home/luisen/Documents/Universidad/Robotica/proyect_ws/build/phantom_controller', 'catkin_cmake_args': None, 'catkin_skip_building_tests': False, 'cmake_args': None, 'cmake_clean_cache': False, 'cmake_clean_first': False, 'cmake_force_configure': False, 'cmake_target': None, 'cmake_target_skip_unavailable': False, 'install_base': '/home/luisen/Documents/Universidad/Robotica/proyect_ws/install/phantom_controller', 'merge_install': False, 'path': '/home/luisen/Documents/Universidad/Robotica/proyect_ws/src/phantom_controller', 'symlink_install': False, 'test_result_base': None}
[0.520s] INFO:colcon.colcon_core.executor:Executing jobs using 'parallel' executor
[0.521s] DEBUG:colcon.colcon_parallel_executor.executor.parallel:run_until_complete
[0.522s] INFO:colcon.colcon_ros.task.ament_python.build:Building ROS package in '/home/luisen/Documents/Universidad/Robotica/proyect_ws/src/local_controller' with build type 'ament_python'
[0.522s] Level 1:colcon.colcon_core.shell:create_environment_hook('local_controller', 'ament_prefix_path')
[0.524s] INFO:colcon.colcon_core.plugin_system:Skipping extension 'colcon_core.shell.bat': Not used on non-Windows systems
[0.525s] INFO:colcon.colcon_core.shell:Creating environment hook '/home/luisen/Documents/Universidad/Robotica/proyect_ws/install/local_controller/share/local_controller/hook/ament_prefix_path.ps1'
[0.525s] INFO:colcon.colcon_core.shell:Creating environment descriptor '/home/luisen/Documents/Universidad/Robotica/proyect_ws/install/local_controller/share/local_controller/hook/ament_prefix_path.dsv'
[0.526s] INFO:colcon.colcon_core.shell:Creating environment hook '/home/luisen/Documents/Universidad/Robotica/proyect_ws/install/local_controller/share/local_controller/hook/ament_prefix_path.sh'
[0.527s] INFO:colcon.colcon_core.shell:Skip shell extension 'powershell' for command environment: Not usable outside of PowerShell
[0.527s] DEBUG:colcon.colcon_core.shell:Skip shell extension 'dsv' for command environment
[0.531s] INFO:colcon.colcon_ros.task.ament_python.build:Building ROS package in '/home/luisen/Documents/Universidad/Robotica/proyect_ws/local_station' with build type 'ament_python'
[0.531s] Level 1:colcon.colcon_core.shell:create_environment_hook('local_station', 'ament_prefix_path')
[0.531s] INFO:colcon.colcon_core.shell:Creating environment hook '/home/luisen/Documents/Universidad/Robotica/proyect_ws/install/local_station/share/local_station/hook/ament_prefix_path.ps1'
[0.532s] INFO:colcon.colcon_core.shell:Creating environment descriptor '/home/luisen/Documents/Universidad/Robotica/proyect_ws/install/local_station/share/local_station/hook/ament_prefix_path.dsv'
[0.532s] INFO:colcon.colcon_core.shell:Creating environment hook '/home/luisen/Documents/Universidad/Robotica/proyect_ws/install/local_station/share/local_station/hook/ament_prefix_path.sh'
[0.533s] INFO:colcon.colcon_core.shell:Skip shell extension 'powershell' for command environment: Not usable outside of PowerShell
[0.533s] DEBUG:colcon.colcon_core.shell:Skip shell extension 'dsv' for command environment
[0.537s] INFO:colcon.colcon_ros.task.ament_python.build:Building ROS package in '/home/luisen/Documents/Universidad/Robotica/proyect_ws/src/phantom_controller' with build type 'ament_python'
[0.537s] Level 1:colcon.colcon_core.shell:create_environment_hook('phantom_controller', 'ament_prefix_path')
[0.537s] INFO:colcon.colcon_core.shell:Creating environment hook '/home/luisen/Documents/Universidad/Robotica/proyect_ws/install/phantom_controller/share/phantom_controller/hook/ament_prefix_path.ps1'
[0.538s] INFO:colcon.colcon_core.shell:Creating environment descriptor '/home/luisen/Documents/Universidad/Robotica/proyect_ws/install/phantom_controller/share/phantom_controller/hook/ament_prefix_path.dsv'
[0.538s] INFO:colcon.colcon_core.shell:Creating environment hook '/home/luisen/Documents/Universidad/Robotica/proyect_ws/install/phantom_controller/share/phantom_controller/hook/ament_prefix_path.sh'
[0.539s] INFO:colcon.colcon_core.shell:Skip shell extension 'powershell' for command environment: Not usable outside of PowerShell
[0.539s] DEBUG:colcon.colcon_core.shell:Skip shell extension 'dsv' for command environment
[0.907s] INFO:colcon.colcon_core.task.python.build:Building Python package in '/home/luisen/Documents/Universidad/Robotica/proyect_ws/src/local_controller'
[0.907s] INFO:colcon.colcon_core.shell:Skip shell extension 'powershell' for command environment: Not usable outside of PowerShell
[0.907s] DEBUG:colcon.colcon_core.shell:Skip shell extension 'dsv' for command environment
[1.245s] INFO:colcon.colcon_core.task.python.build:Building Python package in '/home/luisen/Documents/Universidad/Robotica/proyect_ws/local_station'
[1.246s] INFO:colcon.colcon_core.shell:Skip shell extension 'powershell' for command environment: Not usable outside of PowerShell
[1.246s] DEBUG:colcon.colcon_core.shell:Skip shell extension 'dsv' for command environment
[1.593s] INFO:colcon.colcon_core.task.python.build:Building Python package in '/home/luisen/Documents/Universidad/Robotica/proyect_ws/src/phantom_controller'
[1.593s] INFO:colcon.colcon_core.shell:Skip shell extension 'powershell' for command environment: Not usable outside of PowerShell
[1.593s] DEBUG:colcon.colcon_core.shell:Skip shell extension 'dsv' for command environment
[2.097s] DEBUG:colcon.colcon_core.event_handler.log_command:Invoking command in '/home/luisen/Documents/Universidad/Robotica/proyect_ws/src/local_controller': PYTHONPATH=/home/luisen/Documents/Universidad/Robotica/proyect_ws/build/local_controller/prefix_override:/usr/lib/python3/dist-packages/colcon_core/task/python/colcon_distutils_commands:/home/luisen/Documents/Universidad/Robotica/proyect_ws/install/local_controller/lib/python3.10/site-packages:${PYTHONPATH} /usr/bin/python3 -W ignore:setup.py install is deprecated -W ignore:easy_install command is deprecated setup.py egg_info --egg-base ../../build/local_controller build --build-base /home/luisen/Documents/Universidad/Robotica/proyect_ws/build/local_controller/build install --record /home/luisen/Documents/Universidad/Robotica/proyect_ws/build/local_controller/install.log --single-version-externally-managed install_data
[2.104s] DEBUG:colcon.colcon_core.event_handler.log_command:Invoking command in '/home/luisen/Documents/Universidad/Robotica/proyect_ws/local_station': PYTHONPATH=/home/luisen/Documents/Universidad/Robotica/proyect_ws/build/local_station/prefix_override:/usr/lib/python3/dist-packages/colcon_core/task/python/colcon_distutils_commands:/home/luisen/Documents/Universidad/Robotica/proyect_ws/install/local_station/lib/python3.10/site-packages:${PYTHONPATH} /usr/bin/python3 -W ignore:setup.py install is deprecated -W ignore:easy_install command is deprecated setup.py egg_info --egg-base ../build/local_station build --build-base /home/luisen/Documents/Universidad/Robotica/proyect_ws/build/local_station/build install --record /home/luisen/Documents/Universidad/Robotica/proyect_ws/build/local_station/install.log --single-version-externally-managed install_data
[2.114s] DEBUG:colcon.colcon_core.event_handler.log_command:Invoking command in '/home/luisen/Documents/Universidad/Robotica/proyect_ws/src/phantom_controller': PYTHONPATH=/home/luisen/Documents/Universidad/Robotica/proyect_ws/build/phantom_controller/prefix_override:/usr/lib/python3/dist-packages/colcon_core/task/python/colcon_distutils_commands:/home/luisen/Documents/Universidad/Robotica/proyect_ws/install/phantom_controller/lib/python3.10/site-packages:${PYTHONPATH} /usr/bin/python3 -W ignore:setup.py install is deprecated -W ignore:easy_install command is deprecated setup.py egg_info --egg-base ../../build/phantom_controller build --build-base /home/luisen/Documents/Universidad/Robotica/proyect_ws/build/phantom_controller/build install --record /home/luisen/Documents/Universidad/Robotica/proyect_ws/build/phantom_controller/install.log --single-version-externally-managed install_data
[2.542s] DEBUG:colcon.colcon_core.event_handler.log_command:Invoked command in '/home/luisen/Documents/Universidad/Robotica/proyect_ws/src/phantom_controller' returned '0': PYTHONPATH=/home/luisen/Documents/Universidad/Robotica/proyect_ws/build/phantom_controller/prefix_override:/usr/lib/python3/dist-packages/colcon_core/task/python/colcon_distutils_commands:/home/luisen/Documents/Universidad/Robotica/proyect_ws/install/phantom_controller/lib/python3.10/site-packages:${PYTHONPATH} /usr/bin/python3 -W ignore:setup.py install is deprecated -W ignore:easy_install command is deprecated setup.py egg_info --egg-base ../../build/phantom_controller build --build-base /home/luisen/Documents/Universidad/Robotica/proyect_ws/build/phantom_controller/build install --record /home/luisen/Documents/Universidad/Robotica/proyect_ws/build/phantom_controller/install.log --single-version-externally-managed install_data
[2.545s] Level 1:colcon.colcon_core.environment:checking '/home/luisen/Documents/Universidad/Robotica/proyect_ws/install/phantom_controller' for CMake module files
[2.546s] Level 1:colcon.colcon_core.environment:checking '/home/luisen/Documents/Universidad/Robotica/proyect_ws/install/phantom_controller' for CMake config files
[2.548s] Level 1:colcon.colcon_core.environment:checking '/home/luisen/Documents/Universidad/Robotica/proyect_ws/install/phantom_controller/lib'
[2.548s] Level 1:colcon.colcon_core.environment:checking '/home/luisen/Documents/Universidad/Robotica/proyect_ws/install/phantom_controller/bin'
[2.548s] Level 1:colcon.colcon_core.environment:checking '/home/luisen/Documents/Universidad/Robotica/proyect_ws/install/phantom_controller/lib/pkgconfig/phantom_controller.pc'
[2.548s] Level 1:colcon.colcon_core.environment:checking '/home/luisen/Documents/Universidad/Robotica/proyect_ws/install/phantom_controller/lib/python3.10/site-packages'
[2.549s] Level 1:colcon.colcon_core.shell:create_environment_hook('phantom_controller', 'pythonpath')
[2.549s] INFO:colcon.colcon_core.shell:Creating environment hook '/home/luisen/Documents/Universidad/Robotica/proyect_ws/install/phantom_controller/share/phantom_controller/hook/pythonpath.ps1'
[2.550s] INFO:colcon.colcon_core.shell:Creating environment descriptor '/home/luisen/Documents/Universidad/Robotica/proyect_ws/install/phantom_controller/share/phantom_controller/hook/pythonpath.dsv'
[2.550s] INFO:colcon.colcon_core.shell:Creating environment hook '/home/luisen/Documents/Universidad/Robotica/proyect_ws/install/phantom_controller/share/phantom_controller/hook/pythonpath.sh'
[2.551s] Level 1:colcon.colcon_core.environment:checking '/home/luisen/Documents/Universidad/Robotica/proyect_ws/install/phantom_controller/bin'
[2.551s] Level 1:colcon.colcon_core.environment:create_environment_scripts_only(phantom_controller)
[2.552s] INFO:colcon.colcon_core.shell:Creating package script '/home/luisen/Documents/Universidad/Robotica/proyect_ws/install/phantom_controller/share/phantom_controller/package.ps1'
[2.553s] INFO:colcon.colcon_core.shell:Creating package descriptor '/home/luisen/Documents/Universidad/Robotica/proyect_ws/install/phantom_controller/share/phantom_controller/package.dsv'
[2.554s] INFO:colcon.colcon_core.shell:Creating package script '/home/luisen/Documents/Universidad/Robotica/proyect_ws/install/phantom_controller/share/phantom_controller/package.sh'
[2.555s] INFO:colcon.colcon_core.shell:Creating package script '/home/luisen/Documents/Universidad/Robotica/proyect_ws/install/phantom_controller/share/phantom_controller/package.bash'
[2.556s] INFO:colcon.colcon_core.shell:Creating package script '/home/luisen/Documents/Universidad/Robotica/proyect_ws/install/phantom_controller/share/phantom_controller/package.zsh'
[2.557s] Level 1:colcon.colcon_core.environment:create_file_with_runtime_dependencies(/home/luisen/Documents/Universidad/Robotica/proyect_ws/install/phantom_controller/share/colcon-core/packages/phantom_controller)
[2.559s] Level 1:colcon.colcon_core.environment:checking '/home/luisen/Documents/Universidad/Robotica/proyect_ws/install/local_station' for CMake module files
[2.560s] Level 1:colcon.colcon_core.environment:checking '/home/luisen/Documents/Universidad/Robotica/proyect_ws/install/local_station' for CMake config files
[2.560s] DEBUG:colcon.colcon_core.event_handler.log_command:Invoked command in '/home/luisen/Documents/Universidad/Robotica/proyect_ws/local_station' returned '0': PYTHONPATH=/home/luisen/Documents/Universidad/Robotica/proyect_ws/build/local_station/prefix_override:/usr/lib/python3/dist-packages/colcon_core/task/python/colcon_distutils_commands:/home/luisen/Documents/Universidad/Robotica/proyect_ws/install/local_station/lib/python3.10/site-packages:${PYTHONPATH} /usr/bin/python3 -W ignore:setup.py install is deprecated -W ignore:easy_install command is deprecated setup.py egg_info --egg-base ../build/local_station build --build-base /home/luisen/Documents/Universidad/Robotica/proyect_ws/build/local_station/build install --record /home/luisen/Documents/Universidad/Robotica/proyect_ws/build/local_station/install.log --single-version-externally-managed install_data
[2.561s] Level 1:colcon.colcon_core.environment:checking '/home/luisen/Documents/Universidad/Robotica/proyect_ws/install/local_station/lib'
[2.561s] Level 1:colcon.colcon_core.environment:checking '/home/luisen/Documents/Universidad/Robotica/proyect_ws/install/local_station/bin'
[2.561s] Level 1:colcon.colcon_core.environment:checking '/home/luisen/Documents/Universidad/Robotica/proyect_ws/install/local_station/lib/pkgconfig/local_station.pc'
[2.562s] Level 1:colcon.colcon_core.environment:checking '/home/luisen/Documents/Universidad/Robotica/proyect_ws/install/local_station/lib/python3.10/site-packages'
[2.562s] Level 1:colcon.colcon_core.shell:create_environment_hook('local_station', 'pythonpath')
[2.562s] INFO:colcon.colcon_core.shell:Creating environment hook '/home/luisen/Documents/Universidad/Robotica/proyect_ws/install/local_station/share/local_station/hook/pythonpath.ps1'
[2.563s] INFO:colcon.colcon_core.shell:Creating environment descriptor '/home/luisen/Documents/Universidad/Robotica/proyect_ws/install/local_station/share/local_station/hook/pythonpath.dsv'
[2.563s] INFO:colcon.colcon_core.shell:Creating environment hook '/home/luisen/Documents/Universidad/Robotica/proyect_ws/install/local_station/share/local_station/hook/pythonpath.sh'
[2.564s] Level 1:colcon.colcon_core.environment:checking '/home/luisen/Documents/Universidad/Robotica/proyect_ws/install/local_station/bin'
[2.564s] Level 1:colcon.colcon_core.environment:create_environment_scripts_only(local_station)
[2.565s] INFO:colcon.colcon_core.shell:Creating package script '/home/luisen/Documents/Universidad/Robotica/proyect_ws/install/local_station/share/local_station/package.ps1'
[2.566s] INFO:colcon.colcon_core.shell:Creating package descriptor '/home/luisen/Documents/Universidad/Robotica/proyect_ws/install/local_station/share/local_station/package.dsv'
[2.566s] INFO:colcon.colcon_core.shell:Creating package script '/home/luisen/Documents/Universidad/Robotica/proyect_ws/install/local_station/share/local_station/package.sh'
[2.567s] INFO:colcon.colcon_core.shell:Creating package script '/home/luisen/Documents/Universidad/Robotica/proyect_ws/install/local_station/share/local_station/package.bash'
[2.568s] INFO:colcon.colcon_core.shell:Creating package script '/home/luisen/Documents/Universidad/Robotica/proyect_ws/install/local_station/share/local_station/package.zsh'
[2.568s] Level 1:colcon.colcon_core.environment:create_file_with_runtime_dependencies(/home/luisen/Documents/Universidad/Robotica/proyect_ws/install/local_station/share/colcon-core/packages/local_station)
[2.570s] Level 1:colcon.colcon_core.environment:checking '/home/luisen/Documents/Universidad/Robotica/proyect_ws/install/local_controller' for CMake module files
[2.571s] Level 1:colcon.colcon_core.environment:checking '/home/luisen/Documents/Universidad/Robotica/proyect_ws/install/local_controller' for CMake config files
[2.571s] DEBUG:colcon.colcon_core.event_handler.log_command:Invoked command in '/home/luisen/Documents/Universidad/Robotica/proyect_ws/src/local_controller' returned '0': PYTHONPATH=/home/luisen/Documents/Universidad/Robotica/proyect_ws/build/local_controller/prefix_override:/usr/lib/python3/dist-packages/colcon_core/task/python/colcon_distutils_commands:/home/luisen/Documents/Universidad/Robotica/proyect_ws/install/local_controller/lib/python3.10/site-packages:${PYTHONPATH} /usr/bin/python3 -W ignore:setup.py install is deprecated -W ignore:easy_install command is deprecated setup.py egg_info --egg-base ../../build/local_controller build --build-base /home/luisen/Documents/Universidad/Robotica/proyect_ws/build/local_controller/build install --record /home/luisen/Documents/Universidad/Robotica/proyect_ws/build/local_controller/install.log --single-version-externally-managed install_data
[2.572s] Level 1:colcon.colcon_core.environment:checking '/home/luisen/Documents/Universidad/Robotica/proyect_ws/install/local_controller/lib'
[2.572s] Level 1:colcon.colcon_core.environment:checking '/home/luisen/Documents/Universidad/Robotica/proyect_ws/install/local_controller/bin'
[2.572s] Level 1:colcon.colcon_core.environment:checking '/home/luisen/Documents/Universidad/Robotica/proyect_ws/install/local_controller/lib/pkgconfig/local_controller.pc'
[2.572s] Level 1:colcon.colcon_core.environment:checking '/home/luisen/Documents/Universidad/Robotica/proyect_ws/install/local_controller/lib/python3.10/site-packages'
[2.572s] Level 1:colcon.colcon_core.shell:create_environment_hook('local_controller', 'pythonpath')
[2.573s] INFO:colcon.colcon_core.shell:Creating environment hook '/home/luisen/Documents/Universidad/Robotica/proyect_ws/install/local_controller/share/local_controller/hook/pythonpath.ps1'
[2.573s] INFO:colcon.colcon_core.shell:Creating environment descriptor '/home/luisen/Documents/Universidad/Robotica/proyect_ws/install/local_controller/share/local_controller/hook/pythonpath.dsv'
[2.574s] INFO:colcon.colcon_core.shell:Creating environment hook '/home/luisen/Documents/Universidad/Robotica/proyect_ws/install/local_controller/share/local_controller/hook/pythonpath.sh'
[2.574s] Level 1:colcon.colcon_core.environment:checking '/home/luisen/Documents/Universidad/Robotica/proyect_ws/install/local_controller/bin'
[2.574s] Level 1:colcon.colcon_core.environment:create_environment_scripts_only(local_controller)
[2.575s] INFO:colcon.colcon_core.shell:Creating package script '/home/luisen/Documents/Universidad/Robotica/proyect_ws/install/local_controller/share/local_controller/package.ps1'
[2.575s] INFO:colcon.colcon_core.shell:Creating package descriptor '/home/luisen/Documents/Universidad/Robotica/proyect_ws/install/local_controller/share/local_controller/package.dsv'
[2.576s] INFO:colcon.colcon_core.shell:Creating package script '/home/luisen/Documents/Universidad/Robotica/proyect_ws/install/local_controller/share/local_controller/package.sh'
[2.576s] INFO:colcon.colcon_core.shell:Creating package script '/home/luisen/Documents/Universidad/Robotica/proyect_ws/install/local_controller/share/local_controller/package.bash'
[2.577s] INFO:colcon.colcon_core.shell:Creating package script '/home/luisen/Documents/Universidad/Robotica/proyect_ws/install/local_controller/share/local_controller/package.zsh'
[2.577s] Level 1:colcon.colcon_core.environment:create_file_with_runtime_dependencies(/home/luisen/Documents/Universidad/Robotica/proyect_ws/install/local_controller/share/colcon-core/packages/local_controller)
[2.578s] DEBUG:colcon.colcon_parallel_executor.executor.parallel:closing loop
[2.578s] DEBUG:colcon.colcon_parallel_executor.executor.parallel:loop closed
[2.578s] DEBUG:colcon.colcon_parallel_executor.executor.parallel:run_until_complete finished with '0'
[2.578s] DEBUG:colcon.colcon_core.event_reactor:joining thread
[2.589s] INFO:colcon.colcon_core.plugin_system:Skipping extension 'colcon_notification.desktop_notification.terminal_notifier': Not used on non-Darwin systems
[2.589s] INFO:colcon.colcon_core.plugin_system:Skipping extension 'colcon_notification.desktop_notification.win32': Not used on non-Windows systems
[2.589s] INFO:colcon.colcon_notification.desktop_notification:Sending desktop notification using 'notify2'
[2.604s] DEBUG:colcon.colcon_core.event_reactor:joined thread
[2.606s] INFO:colcon.colcon_core.shell:Creating prefix script '/home/luisen/Documents/Universidad/Robotica/proyect_ws/install/local_setup.ps1'
[2.608s] INFO:colcon.colcon_core.shell:Creating prefix util module '/home/luisen/Documents/Universidad/Robotica/proyect_ws/install/_local_setup_util_ps1.py'
[2.610s] INFO:colcon.colcon_core.shell:Creating prefix chain script '/home/luisen/Documents/Universidad/Robotica/proyect_ws/install/setup.ps1'
[2.611s] INFO:colcon.colcon_core.shell:Creating prefix script '/home/luisen/Documents/Universidad/Robotica/proyect_ws/install/local_setup.sh'
[2.612s] INFO:colcon.colcon_core.shell:Creating prefix util module '/home/luisen/Documents/Universidad/Robotica/proyect_ws/install/_local_setup_util_sh.py'
[2.613s] INFO:colcon.colcon_core.shell:Creating prefix chain script '/home/luisen/Documents/Universidad/Robotica/proyect_ws/install/setup.sh'
[2.615s] INFO:colcon.colcon_core.shell:Creating prefix script '/home/luisen/Documents/Universidad/Robotica/proyect_ws/install/local_setup.bash'
[2.616s] INFO:colcon.colcon_core.shell:Creating prefix chain script '/home/luisen/Documents/Universidad/Robotica/proyect_ws/install/setup.bash'
[2.617s] INFO:colcon.colcon_core.shell:Creating prefix script '/home/luisen/Documents/Universidad/Robotica/proyect_ws/install/local_setup.zsh'
[2.618s] INFO:colcon.colcon_core.shell:Creating prefix chain script '/home/luisen/Documents/Universidad/Robotica/proyect_ws/install/setup.zsh'
