[1.573s] Invoking command in '/home/luisen/Documents/Universidad/Robotica/proyect_ws/src/local_controller': PYTHONPATH=/home/luisen/Documents/Universidad/Robotica/proyect_ws/build/local_controller/prefix_override:/usr/lib/python3/dist-packages/colcon_core/task/python/colcon_distutils_commands:/home/luisen/Documents/Universidad/Robotica/proyect_ws/install/local_controller/lib/python3.10/site-packages:${PYTHONPATH} /usr/bin/python3 -W ignore:setup.py install is deprecated -W ignore:easy_install command is deprecated setup.py egg_info --egg-base ../../build/local_controller build --build-base /home/luisen/Documents/Universidad/Robotica/proyect_ws/build/local_controller/build install --record /home/luisen/Documents/Universidad/Robotica/proyect_ws/build/local_controller/install.log --single-version-externally-managed install_data
[1.917s] running egg_info
[1.918s] writing ../../build/local_controller/local_controller.egg-info/PKG-INFO
[1.918s] writing dependency_links to ../../build/local_controller/local_controller.egg-info/dependency_links.txt
[1.919s] writing entry points to ../../build/local_controller/local_controller.egg-info/entry_points.txt
[1.919s] writing requirements to ../../build/local_controller/local_controller.egg-info/requires.txt
[1.919s] writing top-level names to ../../build/local_controller/local_controller.egg-info/top_level.txt
[1.921s] reading manifest file '../../build/local_controller/local_controller.egg-info/SOURCES.txt'
[1.930s] writing manifest file '../../build/local_controller/local_controller.egg-info/SOURCES.txt'
[1.930s] running build
[1.930s] running build_py
[1.931s] copying local_controller/RobotInterface.py -> /home/luisen/Documents/Universidad/Robotica/proyect_ws/build/local_controller/build/lib/local_controller
[1.931s] running install
[1.931s] running install_lib
[1.932s] copying /home/luisen/Documents/Universidad/Robotica/proyect_ws/build/local_controller/build/lib/local_controller/RobotInterface.py -> /home/luisen/Documents/Universidad/Robotica/proyect_ws/install/local_controller/lib/python3.10/site-packages/local_controller
[1.959s] byte-compiling /home/luisen/Documents/Universidad/Robotica/proyect_ws/install/local_controller/lib/python3.10/site-packages/local_controller/RobotInterface.py to RobotInterface.cpython-310.pyc
[1.962s] running install_data
[1.962s] running install_egg_info
[1.965s] removing '/home/luisen/Documents/Universidad/Robotica/proyect_ws/install/local_controller/lib/python3.10/site-packages/local_controller-1.0.0-py3.10.egg-info' (and everything under it)
[1.966s] Copying ../../build/local_controller/local_controller.egg-info to /home/luisen/Documents/Universidad/Robotica/proyect_ws/install/local_controller/lib/python3.10/site-packages/local_controller-1.0.0-py3.10.egg-info
[1.967s] running install_scripts
[1.995s] Installing local_controller script to /home/luisen/Documents/Universidad/Robotica/proyect_ws/install/local_controller/lib/local_controller
[1.995s] writing list of installed files to '/home/luisen/Documents/Universidad/Robotica/proyect_ws/build/local_controller/install.log'
[2.042s] Invoked command in '/home/luisen/Documents/Universidad/Robotica/proyect_ws/src/local_controller' returned '0': PYTHONPATH=/home/luisen/Documents/Universidad/Robotica/proyect_ws/build/local_controller/prefix_override:/usr/lib/python3/dist-packages/colcon_core/task/python/colcon_distutils_commands:/home/luisen/Documents/Universidad/Robotica/proyect_ws/install/local_controller/lib/python3.10/site-packages:${PYTHONPATH} /usr/bin/python3 -W ignore:setup.py install is deprecated -W ignore:easy_install command is deprecated setup.py egg_info --egg-base ../../build/local_controller build --build-base /home/luisen/Documents/Universidad/Robotica/proyect_ws/build/local_controller/build install --record /home/luisen/Documents/Universidad/Robotica/proyect_ws/build/local_controller/install.log --single-version-externally-managed install_data
