[0.142s] DEBUG:colcon:Command line arguments: ['/usr/bin/colcon', 'build']
[0.142s] DEBUG:colcon:Parsed command line arguments: Namespace(log_base=None, log_level=None, verb_name='build', build_base='build', install_base='install', merge_install=False, symlink_install=False, test_result_base=None, continue_on_error=False, executor='parallel', parallel_workers=8, event_handlers=None, ignore_user_meta=False, metas=['./colcon.meta'], base_paths=['.'], packages_ignore=None, packages_ignore_regex=None, paths=None, packages_up_to=None, packages_up_to_regex=None, packages_above=None, packages_above_and_dependencies=None, packages_above_depth=None, packages_select_by_dep=None, packages_skip_by_dep=None, packages_skip_up_to=None, packages_select_build_failed=False, packages_skip_build_finished=False, packages_select_test_failures=False, packages_skip_test_passed=False, packages_select=None, packages_skip=None, packages_select_regex=None, packages_skip_regex=None, packages_start=None, packages_end=None, allow_overriding=[], cmake_args=None, cmake_target=None, cmake_target_skip_unavailable=False, cmake_clean_cache=False, cmake_clean_first=False, cmake_force_configure=False, ament_cmake_args=None, catkin_cmake_args=None, catkin_skip_building_tests=False, mixin_files=None, mixin=None, verb_parser=<colcon_mixin.mixin.mixin_argument.MixinArgumentDecorator object at 0x702c3d052620>, verb_extension=<colcon_core.verb.build.BuildVerb object at 0x702c3d051f90>, main=<bound method BuildVerb.main of <colcon_core.verb.build.BuildVerb object at 0x702c3d051f90>>, mixin_verb=('build',))
[0.432s] Level 1:colcon.colcon_core.package_discovery:discover_packages(colcon_meta) check parameters
[0.432s] Level 1:colcon.colcon_core.package_discovery:discover_packages(recursive) check parameters
[0.432s] Level 1:colcon.colcon_core.package_discovery:discover_packages(ignore) check parameters
[0.433s] Level 1:colcon.colcon_core.package_discovery:discover_packages(path) check parameters
[0.433s] Level 1:colcon.colcon_core.package_discovery:discover_packages(colcon_meta) discover
[0.433s] Level 1:colcon.colcon_core.package_discovery:discover_packages(recursive) discover
[0.433s] INFO:colcon.colcon_core.package_discovery:Crawling recursively for packages in '/home/luisen/Documents/Universidad/Robotica/proyect_ws'
[0.433s] Level 1:colcon.colcon_core.package_identification:_identify(.) by extensions ['ignore', 'ignore_ament_install']
[0.433s] Level 1:colcon.colcon_core.package_identification:_identify(.) by extension 'ignore'
[0.433s] Level 1:colcon.colcon_core.package_identification:_identify(.) by extension 'ignore_ament_install'
[0.434s] Level 1:colcon.colcon_core.package_identification:_identify(.) by extensions ['colcon_pkg']
[0.434s] Level 1:colcon.colcon_core.package_identification:_identify(.) by extension 'colcon_pkg'
[0.434s] Level 1:colcon.colcon_core.package_identification:_identify(.) by extensions ['colcon_meta']
[0.434s] Level 1:colcon.colcon_core.package_identification:_identify(.) by extension 'colcon_meta'
[0.434s] Level 1:colcon.colcon_core.package_identification:_identify(.) by extensions ['ros']
[0.434s] Level 1:colcon.colcon_core.package_identification:_identify(.) by extension 'ros'
[0.449s] Level 1:colcon.colcon_core.package_identification:_identify(.) by extensions ['cmake', 'python']
[0.449s] Level 1:colcon.colcon_core.package_identification:_identify(.) by extension 'cmake'
[0.449s] Level 1:colcon.colcon_core.package_identification:_identify(.) by extension 'python'
[0.449s] Level 1:colcon.colcon_core.package_identification:_identify(.) by extensions ['python_setup_py']
[0.449s] Level 1:colcon.colcon_core.package_identification:_identify(.) by extension 'python_setup_py'
[0.450s] Level 1:colcon.colcon_core.package_identification:_identify(build) by extensions ['ignore', 'ignore_ament_install']
[0.450s] Level 1:colcon.colcon_core.package_identification:_identify(build) by extension 'ignore'
[0.450s] Level 1:colcon.colcon_core.package_identification:_identify(build) ignored
[0.450s] Level 1:colcon.colcon_core.package_identification:_identify(install) by extensions ['ignore', 'ignore_ament_install']
[0.450s] Level 1:colcon.colcon_core.package_identification:_identify(install) by extension 'ignore'
[0.450s] Level 1:colcon.colcon_core.package_identification:_identify(install) ignored
[0.450s] Level 1:colcon.colcon_core.package_identification:_identify(local_station) by extensions ['ignore', 'ignore_ament_install']
[0.450s] Level 1:colcon.colcon_core.package_identification:_identify(local_station) by extension 'ignore'
[0.450s] Level 1:colcon.colcon_core.package_identification:_identify(local_station) by extension 'ignore_ament_install'
[0.450s] Level 1:colcon.colcon_core.package_identification:_identify(local_station) by extensions ['colcon_pkg']
[0.451s] Level 1:colcon.colcon_core.package_identification:_identify(local_station) by extension 'colcon_pkg'
[0.451s] Level 1:colcon.colcon_core.package_identification:_identify(local_station) by extensions ['colcon_meta']
[0.451s] Level 1:colcon.colcon_core.package_identification:_identify(local_station) by extension 'colcon_meta'
[0.451s] Level 1:colcon.colcon_core.package_identification:_identify(local_station) by extensions ['ros']
[0.451s] Level 1:colcon.colcon_core.package_identification:_identify(local_station) by extension 'ros'
[0.454s] DEBUG:colcon.colcon_core.package_identification:Package 'local_station' with type 'ros.ament_python' and name 'local_station'
[0.454s] Level 1:colcon.colcon_core.package_identification:_identify(log) by extensions ['ignore', 'ignore_ament_install']
[0.455s] Level 1:colcon.colcon_core.package_identification:_identify(log) by extension 'ignore'
[0.455s] Level 1:colcon.colcon_core.package_identification:_identify(log) ignored
[0.455s] Level 1:colcon.colcon_core.package_identification:_identify(src) by extensions ['ignore', 'ignore_ament_install']
[0.455s] Level 1:colcon.colcon_core.package_identification:_identify(src) by extension 'ignore'
[0.455s] Level 1:colcon.colcon_core.package_identification:_identify(src) by extension 'ignore_ament_install'
[0.455s] Level 1:colcon.colcon_core.package_identification:_identify(src) by extensions ['colcon_pkg']
[0.455s] Level 1:colcon.colcon_core.package_identification:_identify(src) by extension 'colcon_pkg'
[0.455s] Level 1:colcon.colcon_core.package_identification:_identify(src) by extensions ['colcon_meta']
[0.455s] Level 1:colcon.colcon_core.package_identification:_identify(src) by extension 'colcon_meta'
[0.455s] Level 1:colcon.colcon_core.package_identification:_identify(src) by extensions ['ros']
[0.455s] Level 1:colcon.colcon_core.package_identification:_identify(src) by extension 'ros'
[0.455s] Level 1:colcon.colcon_core.package_identification:_identify(src) by extensions ['cmake', 'python']
[0.455s] Level 1:colcon.colcon_core.package_identification:_identify(src) by extension 'cmake'
[0.455s] Level 1:colcon.colcon_core.package_identification:_identify(src) by extension 'python'
[0.456s] Level 1:colcon.colcon_core.package_identification:_identify(src) by extensions ['python_setup_py']
[0.456s] Level 1:colcon.colcon_core.package_identification:_identify(src) by extension 'python_setup_py'
[0.456s] Level 1:colcon.colcon_core.package_identification:_identify(src/local_controller) by extensions ['ignore', 'ignore_ament_install']
[0.456s] Level 1:colcon.colcon_core.package_identification:_identify(src/local_controller) by extension 'ignore'
[0.456s] Level 1:colcon.colcon_core.package_identification:_identify(src/local_controller) by extension 'ignore_ament_install'
[0.456s] Level 1:colcon.colcon_core.package_identification:_identify(src/local_controller) by extensions ['colcon_pkg']
[0.456s] Level 1:colcon.colcon_core.package_identification:_identify(src/local_controller) by extension 'colcon_pkg'
[0.456s] Level 1:colcon.colcon_core.package_identification:_identify(src/local_controller) by extensions ['colcon_meta']
[0.456s] Level 1:colcon.colcon_core.package_identification:_identify(src/local_controller) by extension 'colcon_meta'
[0.456s] Level 1:colcon.colcon_core.package_identification:_identify(src/local_controller) by extensions ['ros']
[0.456s] Level 1:colcon.colcon_core.package_identification:_identify(src/local_controller) by extension 'ros'
[0.458s] DEBUG:colcon.colcon_core.package_identification:Package 'src/local_controller' with type 'ros.ament_python' and name 'local_controller'
[0.458s] Level 1:colcon.colcon_core.package_identification:_identify(src/phantom_controller) by extensions ['ignore', 'ignore_ament_install']
[0.458s] Level 1:colcon.colcon_core.package_identification:_identify(src/phantom_controller) by extension 'ignore'
[0.458s] Level 1:colcon.colcon_core.package_identification:_identify(src/phantom_controller) by extension 'ignore_ament_install'
[0.458s] Level 1:colcon.colcon_core.package_identification:_identify(src/phantom_controller) by extensions ['colcon_pkg']
[0.458s] Level 1:colcon.colcon_core.package_identification:_identify(src/phantom_controller) by extension 'colcon_pkg'
[0.458s] Level 1:colcon.colcon_core.package_identification:_identify(src/phantom_controller) by extensions ['colcon_meta']
[0.458s] Level 1:colcon.colcon_core.package_identification:_identify(src/phantom_controller) by extension 'colcon_meta'
[0.458s] Level 1:colcon.colcon_core.package_identification:_identify(src/phantom_controller) by extensions ['ros']
[0.459s] Level 1:colcon.colcon_core.package_identification:_identify(src/phantom_controller) by extension 'ros'
[0.460s] DEBUG:colcon.colcon_core.package_identification:Package 'src/phantom_controller' with type 'ros.ament_python' and name 'phantom_controller'
[0.460s] Level 1:colcon.colcon_core.package_discovery:discover_packages(recursive) using defaults
[0.460s] Level 1:colcon.colcon_core.package_discovery:discover_packages(ignore) discover
[0.460s] Level 1:colcon.colcon_core.package_discovery:discover_packages(ignore) using defaults
[0.460s] Level 1:colcon.colcon_core.package_discovery:discover_packages(path) discover
[0.460s] Level 1:colcon.colcon_core.package_discovery:discover_packages(path) using defaults
[0.519s] Level 1:colcon.colcon_core.package_discovery:discover_packages(prefix_path) check parameters
[0.520s] Level 1:colcon.colcon_core.package_discovery:discover_packages(prefix_path) discover
[0.524s] DEBUG:colcon.colcon_installed_package_information.package_discovery:Found 3 installed packages in /home/luisen/Documents/Universidad/Robotica/proyect_ws/install
[0.527s] DEBUG:colcon.colcon_installed_package_information.package_discovery:Found 313 installed packages in /opt/ros/humble
[0.532s] Level 1:colcon.colcon_core.package_discovery:discover_packages(prefix_path) using defaults
[0.597s] Level 5:colcon.colcon_core.verb:set package 'local_controller' build argument 'cmake_args' from command line to 'None'
[0.598s] Level 5:colcon.colcon_core.verb:set package 'local_controller' build argument 'cmake_target' from command line to 'None'
[0.598s] Level 5:colcon.colcon_core.verb:set package 'local_controller' build argument 'cmake_target_skip_unavailable' from command line to 'False'
[0.598s] Level 5:colcon.colcon_core.verb:set package 'local_controller' build argument 'cmake_clean_cache' from command line to 'False'
[0.598s] Level 5:colcon.colcon_core.verb:set package 'local_controller' build argument 'cmake_clean_first' from command line to 'False'
[0.598s] Level 5:colcon.colcon_core.verb:set package 'local_controller' build argument 'cmake_force_configure' from command line to 'False'
[0.598s] Level 5:colcon.colcon_core.verb:set package 'local_controller' build argument 'ament_cmake_args' from command line to 'None'
[0.598s] Level 5:colcon.colcon_core.verb:set package 'local_controller' build argument 'catkin_cmake_args' from command line to 'None'
[0.598s] Level 5:colcon.colcon_core.verb:set package 'local_controller' build argument 'catkin_skip_building_tests' from command line to 'False'
[0.598s] DEBUG:colcon.colcon_core.verb:Building package 'local_controller' with the following arguments: {'ament_cmake_args': None, 'build_base': '/home/luisen/Documents/Universidad/Robotica/proyect_ws/build/local_controller', 'catkin_cmake_args': None, 'catkin_skip_building_tests': False, 'cmake_args': None, 'cmake_clean_cache': False, 'cmake_clean_first': False, 'cmake_force_configure': False, 'cmake_target': None, 'cmake_target_skip_unavailable': False, 'install_base': '/home/luisen/Documents/Universidad/Robotica/proyect_ws/install/local_controller', 'merge_install': False, 'path': '/home/luisen/Documents/Universidad/Robotica/proyect_ws/src/local_controller', 'symlink_install': False, 'test_result_base': None}
[0.598s] Level 5:colcon.colcon_core.verb:set package 'local_station' build argument 'cmake_args' from command line to 'None'
[0.598s] Level 5:colcon.colcon_core.verb:set package 'local_station' build argument 'cmake_target' from command line to 'None'
[0.599s] Level 5:colcon.colcon_core.verb:set package 'local_station' build argument 'cmake_target_skip_unavailable' from command line to 'False'
[0.599s] Level 5:colcon.colcon_core.verb:set package 'local_station' build argument 'cmake_clean_cache' from command line to 'False'
[0.599s] Level 5:colcon.colcon_core.verb:set package 'local_station' build argument 'cmake_clean_first' from command line to 'False'
[0.599s] Level 5:colcon.colcon_core.verb:set package 'local_station' build argument 'cmake_force_configure' from command line to 'False'
[0.599s] Level 5:colcon.colcon_core.verb:set package 'local_station' build argument 'ament_cmake_args' from command line to 'None'
[0.599s] Level 5:colcon.colcon_core.verb:set package 'local_station' build argument 'catkin_cmake_args' from command line to 'None'
[0.599s] Level 5:colcon.colcon_core.verb:set package 'local_station' build argument 'catkin_skip_building_tests' from command line to 'False'
[0.599s] DEBUG:colcon.colcon_core.verb:Building package 'local_station' with the following arguments: {'ament_cmake_args': None, 'build_base': '/home/luisen/Documents/Universidad/Robotica/proyect_ws/build/local_station', 'catkin_cmake_args': None, 'catkin_skip_building_tests': False, 'cmake_args': None, 'cmake_clean_cache': False, 'cmake_clean_first': False, 'cmake_force_configure': False, 'cmake_target': None, 'cmake_target_skip_unavailable': False, 'install_base': '/home/luisen/Documents/Universidad/Robotica/proyect_ws/install/local_station', 'merge_install': False, 'path': '/home/luisen/Documents/Universidad/Robotica/proyect_ws/local_station', 'symlink_install': False, 'test_result_base': None}
[0.599s] Level 5:colcon.colcon_core.verb:set package 'phantom_controller' build argument 'cmake_args' from command line to 'None'
[0.599s] Level 5:colcon.colcon_core.verb:set package 'phantom_controller' build argument 'cmake_target' from command line to 'None'
[0.599s] Level 5:colcon.colcon_core.verb:set package 'phantom_controller' build argument 'cmake_target_skip_unavailable' from command line to 'False'
[0.599s] Level 5:colcon.colcon_core.verb:set package 'phantom_controller' build argument 'cmake_clean_cache' from command line to 'False'
[0.599s] Level 5:colcon.colcon_core.verb:set package 'phantom_controller' build argument 'cmake_clean_first' from command line to 'False'
[0.599s] Level 5:colcon.colcon_core.verb:set package 'phantom_controller' build argument 'cmake_force_configure' from command line to 'False'
[0.599s] Level 5:colcon.colcon_core.verb:set package 'phantom_controller' build argument 'ament_cmake_args' from command line to 'None'
[0.600s] Level 5:colcon.colcon_core.verb:set package 'phantom_controller' build argument 'catkin_cmake_args' from command line to 'None'
[0.600s] Level 5:colcon.colcon_core.verb:set package 'phantom_controller' build argument 'catkin_skip_building_tests' from command line to 'False'
[0.600s] DEBUG:colcon.colcon_core.verb:Building package 'phantom_controller' with the following arguments: {'ament_cmake_args': None, 'build_base': '/home/luisen/Documents/Universidad/Robotica/proyect_ws/build/phantom_controller', 'catkin_cmake_args': None, 'catkin_skip_building_tests': False, 'cmake_args': None, 'cmake_clean_cache': False, 'cmake_clean_first': False, 'cmake_force_configure': False, 'cmake_target': None, 'cmake_target_skip_unavailable': False, 'install_base': '/home/luisen/Documents/Universidad/Robotica/proyect_ws/install/phantom_controller', 'merge_install': False, 'path': '/home/luisen/Documents/Universidad/Robotica/proyect_ws/src/phantom_controller', 'symlink_install': False, 'test_result_base': None}
[0.600s] INFO:colcon.colcon_core.executor:Executing jobs using 'parallel' executor
[0.601s] DEBUG:colcon.colcon_parallel_executor.executor.parallel:run_until_complete
[0.601s] INFO:colcon.colcon_ros.task.ament_python.build:Building ROS package in '/home/luisen/Documents/Universidad/Robotica/proyect_ws/src/local_controller' with build type 'ament_python'
[0.602s] Level 1:colcon.colcon_core.shell:create_environment_hook('local_controller', 'ament_prefix_path')
[0.604s] INFO:colcon.colcon_core.plugin_system:Skipping extension 'colcon_core.shell.bat': Not used on non-Windows systems
[0.604s] INFO:colcon.colcon_core.shell:Creating environment hook '/home/luisen/Documents/Universidad/Robotica/proyect_ws/install/local_controller/share/local_controller/hook/ament_prefix_path.ps1'
[0.605s] INFO:colcon.colcon_core.shell:Creating environment descriptor '/home/luisen/Documents/Universidad/Robotica/proyect_ws/install/local_controller/share/local_controller/hook/ament_prefix_path.dsv'
[0.606s] INFO:colcon.colcon_core.shell:Creating environment hook '/home/luisen/Documents/Universidad/Robotica/proyect_ws/install/local_controller/share/local_controller/hook/ament_prefix_path.sh'
[0.607s] INFO:colcon.colcon_core.shell:Skip shell extension 'powershell' for command environment: Not usable outside of PowerShell
[0.607s] DEBUG:colcon.colcon_core.shell:Skip shell extension 'dsv' for command environment
[0.611s] INFO:colcon.colcon_ros.task.ament_python.build:Building ROS package in '/home/luisen/Documents/Universidad/Robotica/proyect_ws/local_station' with build type 'ament_python'
[0.612s] Level 1:colcon.colcon_core.shell:create_environment_hook('local_station', 'ament_prefix_path')
[0.612s] INFO:colcon.colcon_core.shell:Creating environment hook '/home/luisen/Documents/Universidad/Robotica/proyect_ws/install/local_station/share/local_station/hook/ament_prefix_path.ps1'
[0.613s] INFO:colcon.colcon_core.shell:Creating environment descriptor '/home/luisen/Documents/Universidad/Robotica/proyect_ws/install/local_station/share/local_station/hook/ament_prefix_path.dsv'
[0.614s] INFO:colcon.colcon_core.shell:Creating environment hook '/home/luisen/Documents/Universidad/Robotica/proyect_ws/install/local_station/share/local_station/hook/ament_prefix_path.sh'
[0.615s] INFO:colcon.colcon_core.shell:Skip shell extension 'powershell' for command environment: Not usable outside of PowerShell
[0.615s] DEBUG:colcon.colcon_core.shell:Skip shell extension 'dsv' for command environment
[0.619s] INFO:colcon.colcon_ros.task.ament_python.build:Building ROS package in '/home/luisen/Documents/Universidad/Robotica/proyect_ws/src/phantom_controller' with build type 'ament_python'
[0.619s] Level 1:colcon.colcon_core.shell:create_environment_hook('phantom_controller', 'ament_prefix_path')
[0.620s] INFO:colcon.colcon_core.shell:Creating environment hook '/home/luisen/Documents/Universidad/Robotica/proyect_ws/install/phantom_controller/share/phantom_controller/hook/ament_prefix_path.ps1'
[0.621s] INFO:colcon.colcon_core.shell:Creating environment descriptor '/home/luisen/Documents/Universidad/Robotica/proyect_ws/install/phantom_controller/share/phantom_controller/hook/ament_prefix_path.dsv'
[0.622s] INFO:colcon.colcon_core.shell:Creating environment hook '/home/luisen/Documents/Universidad/Robotica/proyect_ws/install/phantom_controller/share/phantom_controller/hook/ament_prefix_path.sh'
[0.623s] INFO:colcon.colcon_core.shell:Skip shell extension 'powershell' for command environment: Not usable outside of PowerShell
[0.623s] DEBUG:colcon.colcon_core.shell:Skip shell extension 'dsv' for command environment
[1.035s] INFO:colcon.colcon_core.task.python.build:Building Python package in '/home/luisen/Documents/Universidad/Robotica/proyect_ws/src/local_controller'
[1.035s] INFO:colcon.colcon_core.shell:Skip shell extension 'powershell' for command environment: Not usable outside of PowerShell
[1.036s] DEBUG:colcon.colcon_core.shell:Skip shell extension 'dsv' for command environment
[1.414s] INFO:colcon.colcon_core.task.python.build:Building Python package in '/home/luisen/Documents/Universidad/Robotica/proyect_ws/local_station'
[1.414s] INFO:colcon.colcon_core.shell:Skip shell extension 'powershell' for command environment: Not usable outside of PowerShell
[1.414s] DEBUG:colcon.colcon_core.shell:Skip shell extension 'dsv' for command environment
[1.789s] INFO:colcon.colcon_core.task.python.build:Building Python package in '/home/luisen/Documents/Universidad/Robotica/proyect_ws/src/phantom_controller'
[1.790s] INFO:colcon.colcon_core.shell:Skip shell extension 'powershell' for command environment: Not usable outside of PowerShell
[1.790s] DEBUG:colcon.colcon_core.shell:Skip shell extension 'dsv' for command environment
[2.349s] DEBUG:colcon.colcon_core.event_handler.log_command:Invoking command in '/home/luisen/Documents/Universidad/Robotica/proyect_ws/local_station': PYTHONPATH=/home/luisen/Documents/Universidad/Robotica/proyect_ws/build/local_station/prefix_override:/usr/lib/python3/dist-packages/colcon_core/task/python/colcon_distutils_commands:/home/luisen/Documents/Universidad/Robotica/proyect_ws/install/local_station/lib/python3.10/site-packages:${PYTHONPATH} /usr/bin/python3 -W ignore:setup.py install is deprecated -W ignore:easy_install command is deprecated setup.py egg_info --egg-base ../build/local_station build --build-base /home/luisen/Documents/Universidad/Robotica/proyect_ws/build/local_station/build install --record /home/luisen/Documents/Universidad/Robotica/proyect_ws/build/local_station/install.log --single-version-externally-managed install_data
[2.357s] DEBUG:colcon.colcon_core.event_handler.log_command:Invoking command in '/home/luisen/Documents/Universidad/Robotica/proyect_ws/src/local_controller': PYTHONPATH=/home/luisen/Documents/Universidad/Robotica/proyect_ws/build/local_controller/prefix_override:/usr/lib/python3/dist-packages/colcon_core/task/python/colcon_distutils_commands:/home/luisen/Documents/Universidad/Robotica/proyect_ws/install/local_controller/lib/python3.10/site-packages:${PYTHONPATH} /usr/bin/python3 -W ignore:setup.py install is deprecated -W ignore:easy_install command is deprecated setup.py egg_info --egg-base ../../build/local_controller build --build-base /home/luisen/Documents/Universidad/Robotica/proyect_ws/build/local_controller/build install --record /home/luisen/Documents/Universidad/Robotica/proyect_ws/build/local_controller/install.log --single-version-externally-managed install_data
[2.365s] DEBUG:colcon.colcon_core.event_handler.log_command:Invoking command in '/home/luisen/Documents/Universidad/Robotica/proyect_ws/src/phantom_controller': PYTHONPATH=/home/luisen/Documents/Universidad/Robotica/proyect_ws/build/phantom_controller/prefix_override:/usr/lib/python3/dist-packages/colcon_core/task/python/colcon_distutils_commands:/home/luisen/Documents/Universidad/Robotica/proyect_ws/install/phantom_controller/lib/python3.10/site-packages:${PYTHONPATH} /usr/bin/python3 -W ignore:setup.py install is deprecated -W ignore:easy_install command is deprecated setup.py egg_info --egg-base ../../build/phantom_controller build --build-base /home/luisen/Documents/Universidad/Robotica/proyect_ws/build/phantom_controller/build install --record /home/luisen/Documents/Universidad/Robotica/proyect_ws/build/phantom_controller/install.log --single-version-externally-managed install_data
[2.960s] DEBUG:colcon.colcon_core.event_handler.log_command:Invoked command in '/home/luisen/Documents/Universidad/Robotica/proyect_ws/src/phantom_controller' returned '0': PYTHONPATH=/home/luisen/Documents/Universidad/Robotica/proyect_ws/build/phantom_controller/prefix_override:/usr/lib/python3/dist-packages/colcon_core/task/python/colcon_distutils_commands:/home/luisen/Documents/Universidad/Robotica/proyect_ws/install/phantom_controller/lib/python3.10/site-packages:${PYTHONPATH} /usr/bin/python3 -W ignore:setup.py install is deprecated -W ignore:easy_install command is deprecated setup.py egg_info --egg-base ../../build/phantom_controller build --build-base /home/luisen/Documents/Universidad/Robotica/proyect_ws/build/phantom_controller/build install --record /home/luisen/Documents/Universidad/Robotica/proyect_ws/build/phantom_controller/install.log --single-version-externally-managed install_data
[2.965s] Level 1:colcon.colcon_core.environment:checking '/home/luisen/Documents/Universidad/Robotica/proyect_ws/install/phantom_controller' for CMake module files
[2.966s] Level 1:colcon.colcon_core.environment:checking '/home/luisen/Documents/Universidad/Robotica/proyect_ws/install/phantom_controller' for CMake config files
[2.967s] Level 1:colcon.colcon_core.environment:checking '/home/luisen/Documents/Universidad/Robotica/proyect_ws/install/phantom_controller/lib'
[2.968s] Level 1:colcon.colcon_core.environment:checking '/home/luisen/Documents/Universidad/Robotica/proyect_ws/install/phantom_controller/bin'
[2.968s] Level 1:colcon.colcon_core.environment:checking '/home/luisen/Documents/Universidad/Robotica/proyect_ws/install/phantom_controller/lib/pkgconfig/phantom_controller.pc'
[2.968s] Level 1:colcon.colcon_core.environment:checking '/home/luisen/Documents/Universidad/Robotica/proyect_ws/install/phantom_controller/lib/python3.10/site-packages'
[2.968s] Level 1:colcon.colcon_core.shell:create_environment_hook('phantom_controller', 'pythonpath')
[2.968s] INFO:colcon.colcon_core.shell:Creating environment hook '/home/luisen/Documents/Universidad/Robotica/proyect_ws/install/phantom_controller/share/phantom_controller/hook/pythonpath.ps1'
[2.969s] INFO:colcon.colcon_core.shell:Creating environment descriptor '/home/luisen/Documents/Universidad/Robotica/proyect_ws/install/phantom_controller/share/phantom_controller/hook/pythonpath.dsv'
[2.970s] INFO:colcon.colcon_core.shell:Creating environment hook '/home/luisen/Documents/Universidad/Robotica/proyect_ws/install/phantom_controller/share/phantom_controller/hook/pythonpath.sh'
[2.971s] Level 1:colcon.colcon_core.environment:checking '/home/luisen/Documents/Universidad/Robotica/proyect_ws/install/phantom_controller/bin'
[2.971s] Level 1:colcon.colcon_core.environment:create_environment_scripts_only(phantom_controller)
[2.971s] INFO:colcon.colcon_core.shell:Creating package script '/home/luisen/Documents/Universidad/Robotica/proyect_ws/install/phantom_controller/share/phantom_controller/package.ps1'
[2.973s] INFO:colcon.colcon_core.shell:Creating package descriptor '/home/luisen/Documents/Universidad/Robotica/proyect_ws/install/phantom_controller/share/phantom_controller/package.dsv'
[2.974s] INFO:colcon.colcon_core.shell:Creating package script '/home/luisen/Documents/Universidad/Robotica/proyect_ws/install/phantom_controller/share/phantom_controller/package.sh'
[2.975s] INFO:colcon.colcon_core.shell:Creating package script '/home/luisen/Documents/Universidad/Robotica/proyect_ws/install/phantom_controller/share/phantom_controller/package.bash'
[2.977s] INFO:colcon.colcon_core.shell:Creating package script '/home/luisen/Documents/Universidad/Robotica/proyect_ws/install/phantom_controller/share/phantom_controller/package.zsh'
[2.979s] Level 1:colcon.colcon_core.environment:create_file_with_runtime_dependencies(/home/luisen/Documents/Universidad/Robotica/proyect_ws/install/phantom_controller/share/colcon-core/packages/phantom_controller)
[2.982s] Level 1:colcon.colcon_core.environment:checking '/home/luisen/Documents/Universidad/Robotica/proyect_ws/install/local_station' for CMake module files
[2.983s] Level 1:colcon.colcon_core.environment:checking '/home/luisen/Documents/Universidad/Robotica/proyect_ws/install/local_station' for CMake config files
[2.984s] DEBUG:colcon.colcon_core.event_handler.log_command:Invoked command in '/home/luisen/Documents/Universidad/Robotica/proyect_ws/local_station' returned '0': PYTHONPATH=/home/luisen/Documents/Universidad/Robotica/proyect_ws/build/local_station/prefix_override:/usr/lib/python3/dist-packages/colcon_core/task/python/colcon_distutils_commands:/home/luisen/Documents/Universidad/Robotica/proyect_ws/install/local_station/lib/python3.10/site-packages:${PYTHONPATH} /usr/bin/python3 -W ignore:setup.py install is deprecated -W ignore:easy_install command is deprecated setup.py egg_info --egg-base ../build/local_station build --build-base /home/luisen/Documents/Universidad/Robotica/proyect_ws/build/local_station/build install --record /home/luisen/Documents/Universidad/Robotica/proyect_ws/build/local_station/install.log --single-version-externally-managed install_data
[2.985s] Level 1:colcon.colcon_core.environment:checking '/home/luisen/Documents/Universidad/Robotica/proyect_ws/install/local_station/lib'
[2.985s] Level 1:colcon.colcon_core.environment:checking '/home/luisen/Documents/Universidad/Robotica/proyect_ws/install/local_station/bin'
[2.985s] Level 1:colcon.colcon_core.environment:checking '/home/luisen/Documents/Universidad/Robotica/proyect_ws/install/local_station/lib/pkgconfig/local_station.pc'
[2.985s] Level 1:colcon.colcon_core.environment:checking '/home/luisen/Documents/Universidad/Robotica/proyect_ws/install/local_station/lib/python3.10/site-packages'
[2.985s] Level 1:colcon.colcon_core.shell:create_environment_hook('local_station', 'pythonpath')
[2.986s] INFO:colcon.colcon_core.shell:Creating environment hook '/home/luisen/Documents/Universidad/Robotica/proyect_ws/install/local_station/share/local_station/hook/pythonpath.ps1'
[2.987s] INFO:colcon.colcon_core.shell:Creating environment descriptor '/home/luisen/Documents/Universidad/Robotica/proyect_ws/install/local_station/share/local_station/hook/pythonpath.dsv'
[2.987s] INFO:colcon.colcon_core.shell:Creating environment hook '/home/luisen/Documents/Universidad/Robotica/proyect_ws/install/local_station/share/local_station/hook/pythonpath.sh'
[2.988s] Level 1:colcon.colcon_core.environment:checking '/home/luisen/Documents/Universidad/Robotica/proyect_ws/install/local_station/bin'
[2.988s] Level 1:colcon.colcon_core.environment:create_environment_scripts_only(local_station)
[2.989s] INFO:colcon.colcon_core.shell:Creating package script '/home/luisen/Documents/Universidad/Robotica/proyect_ws/install/local_station/share/local_station/package.ps1'
[2.990s] INFO:colcon.colcon_core.shell:Creating package descriptor '/home/luisen/Documents/Universidad/Robotica/proyect_ws/install/local_station/share/local_station/package.dsv'
[2.991s] INFO:colcon.colcon_core.shell:Creating package script '/home/luisen/Documents/Universidad/Robotica/proyect_ws/install/local_station/share/local_station/package.sh'
[2.991s] INFO:colcon.colcon_core.shell:Creating package script '/home/luisen/Documents/Universidad/Robotica/proyect_ws/install/local_station/share/local_station/package.bash'
[2.992s] INFO:colcon.colcon_core.shell:Creating package script '/home/luisen/Documents/Universidad/Robotica/proyect_ws/install/local_station/share/local_station/package.zsh'
[2.992s] Level 1:colcon.colcon_core.environment:create_file_with_runtime_dependencies(/home/luisen/Documents/Universidad/Robotica/proyect_ws/install/local_station/share/colcon-core/packages/local_station)
[3.007s] Level 1:colcon.colcon_core.environment:checking '/home/luisen/Documents/Universidad/Robotica/proyect_ws/install/local_controller' for CMake module files
[3.008s] DEBUG:colcon.colcon_core.event_handler.log_command:Invoked command in '/home/luisen/Documents/Universidad/Robotica/proyect_ws/src/local_controller' returned '0': PYTHONPATH=/home/luisen/Documents/Universidad/Robotica/proyect_ws/build/local_controller/prefix_override:/usr/lib/python3/dist-packages/colcon_core/task/python/colcon_distutils_commands:/home/luisen/Documents/Universidad/Robotica/proyect_ws/install/local_controller/lib/python3.10/site-packages:${PYTHONPATH} /usr/bin/python3 -W ignore:setup.py install is deprecated -W ignore:easy_install command is deprecated setup.py egg_info --egg-base ../../build/local_controller build --build-base /home/luisen/Documents/Universidad/Robotica/proyect_ws/build/local_controller/build install --record /home/luisen/Documents/Universidad/Robotica/proyect_ws/build/local_controller/install.log --single-version-externally-managed install_data
[3.008s] Level 1:colcon.colcon_core.environment:checking '/home/luisen/Documents/Universidad/Robotica/proyect_ws/install/local_controller' for CMake config files
[3.009s] Level 1:colcon.colcon_core.environment:checking '/home/luisen/Documents/Universidad/Robotica/proyect_ws/install/local_controller/lib'
[3.009s] Level 1:colcon.colcon_core.environment:checking '/home/luisen/Documents/Universidad/Robotica/proyect_ws/install/local_controller/bin'
[3.009s] Level 1:colcon.colcon_core.environment:checking '/home/luisen/Documents/Universidad/Robotica/proyect_ws/install/local_controller/lib/pkgconfig/local_controller.pc'
[3.009s] Level 1:colcon.colcon_core.environment:checking '/home/luisen/Documents/Universidad/Robotica/proyect_ws/install/local_controller/lib/python3.10/site-packages'
[3.009s] Level 1:colcon.colcon_core.shell:create_environment_hook('local_controller', 'pythonpath')
[3.009s] INFO:colcon.colcon_core.shell:Creating environment hook '/home/luisen/Documents/Universidad/Robotica/proyect_ws/install/local_controller/share/local_controller/hook/pythonpath.ps1'
[3.010s] INFO:colcon.colcon_core.shell:Creating environment descriptor '/home/luisen/Documents/Universidad/Robotica/proyect_ws/install/local_controller/share/local_controller/hook/pythonpath.dsv'
[3.010s] INFO:colcon.colcon_core.shell:Creating environment hook '/home/luisen/Documents/Universidad/Robotica/proyect_ws/install/local_controller/share/local_controller/hook/pythonpath.sh'
[3.011s] Level 1:colcon.colcon_core.environment:checking '/home/luisen/Documents/Universidad/Robotica/proyect_ws/install/local_controller/bin'
[3.011s] Level 1:colcon.colcon_core.environment:create_environment_scripts_only(local_controller)
[3.012s] INFO:colcon.colcon_core.shell:Creating package script '/home/luisen/Documents/Universidad/Robotica/proyect_ws/install/local_controller/share/local_controller/package.ps1'
[3.013s] INFO:colcon.colcon_core.shell:Creating package descriptor '/home/luisen/Documents/Universidad/Robotica/proyect_ws/install/local_controller/share/local_controller/package.dsv'
[3.014s] INFO:colcon.colcon_core.shell:Creating package script '/home/luisen/Documents/Universidad/Robotica/proyect_ws/install/local_controller/share/local_controller/package.sh'
[3.014s] INFO:colcon.colcon_core.shell:Creating package script '/home/luisen/Documents/Universidad/Robotica/proyect_ws/install/local_controller/share/local_controller/package.bash'
[3.015s] INFO:colcon.colcon_core.shell:Creating package script '/home/luisen/Documents/Universidad/Robotica/proyect_ws/install/local_controller/share/local_controller/package.zsh'
[3.016s] Level 1:colcon.colcon_core.environment:create_file_with_runtime_dependencies(/home/luisen/Documents/Universidad/Robotica/proyect_ws/install/local_controller/share/colcon-core/packages/local_controller)
[3.016s] DEBUG:colcon.colcon_parallel_executor.executor.parallel:closing loop
[3.017s] DEBUG:colcon.colcon_parallel_executor.executor.parallel:loop closed
[3.017s] DEBUG:colcon.colcon_parallel_executor.executor.parallel:run_until_complete finished with '0'
[3.017s] DEBUG:colcon.colcon_core.event_reactor:joining thread
[3.025s] INFO:colcon.colcon_core.plugin_system:Skipping extension 'colcon_notification.desktop_notification.terminal_notifier': Not used on non-Darwin systems
[3.026s] INFO:colcon.colcon_core.plugin_system:Skipping extension 'colcon_notification.desktop_notification.win32': Not used on non-Windows systems
[3.026s] INFO:colcon.colcon_notification.desktop_notification:Sending desktop notification using 'notify2'
[3.045s] DEBUG:colcon.colcon_core.event_reactor:joined thread
[3.045s] INFO:colcon.colcon_core.shell:Creating prefix script '/home/luisen/Documents/Universidad/Robotica/proyect_ws/install/local_setup.ps1'
[3.048s] INFO:colcon.colcon_core.shell:Creating prefix util module '/home/luisen/Documents/Universidad/Robotica/proyect_ws/install/_local_setup_util_ps1.py'
[3.051s] INFO:colcon.colcon_core.shell:Creating prefix chain script '/home/luisen/Documents/Universidad/Robotica/proyect_ws/install/setup.ps1'
[3.053s] INFO:colcon.colcon_core.shell:Creating prefix script '/home/luisen/Documents/Universidad/Robotica/proyect_ws/install/local_setup.sh'
[3.054s] INFO:colcon.colcon_core.shell:Creating prefix util module '/home/luisen/Documents/Universidad/Robotica/proyect_ws/install/_local_setup_util_sh.py'
[3.055s] INFO:colcon.colcon_core.shell:Creating prefix chain script '/home/luisen/Documents/Universidad/Robotica/proyect_ws/install/setup.sh'
[3.057s] INFO:colcon.colcon_core.shell:Creating prefix script '/home/luisen/Documents/Universidad/Robotica/proyect_ws/install/local_setup.bash'
[3.058s] INFO:colcon.colcon_core.shell:Creating prefix chain script '/home/luisen/Documents/Universidad/Robotica/proyect_ws/install/setup.bash'
[3.061s] INFO:colcon.colcon_core.shell:Creating prefix script '/home/luisen/Documents/Universidad/Robotica/proyect_ws/install/local_setup.zsh'
[3.061s] INFO:colcon.colcon_core.shell:Creating prefix chain script '/home/luisen/Documents/Universidad/Robotica/proyect_ws/install/setup.zsh'
